
> cyberlearn@0.1.0 dev
> next dev --port 3001

▲ Next.js 16.2.1 (Turbopack)
- Local:         http://localhost:3001
- Network:       http://172.16.0.2:3001
- Environments: .env.local
✓ Ready in 438ms
Creating turbopack project { dir: 'C:\\project\\cyberlearn', testMode: true }

 GET /api/quiz/csrf 500 in 1006ms (next.js: 860ms, application-code: 146ms)
 GET /api/quiz/xss 200 in 1743ms (next.js: 1509ms, application-code: 234ms)
 GET /api/quiz/sqli-module 200 in 1139ms (next.js: 488ms, application-code: 651ms)
 GET /api/quiz/xxe 200 in 2.2s (next.js: 1510ms, application-code: 665ms)
 GET /api/quiz/csrf 200 in 68ms (next.js: 10ms, application-code: 59ms)
 POST /api/submit-quiz 200 in 99ms (next.js: 34ms, application-code: 65ms)
 POST /api/submit-quiz 200 in 58ms (next.js: 1769µs, application-code: 56ms)
 POST /api/submit-quiz 200 in 59ms (next.js: 2ms, application-code: 57ms)
 POST /api/submit-quiz 200 in 61ms (next.js: 2ms, application-code: 58ms)
 GET /quiz/xss 200 in 756ms (next.js: 557ms, application-code: 199ms)
 GET /quiz/csrf 200 in 638ms (next.js: 437ms, application-code: 202ms)
 GET / 200 in 301ms (next.js: 63ms, application-code: 238ms)
 GET /dashboard 200 in 176ms (next.js: 51ms, application-code: 125ms)
 GET /dashboard 200 in 23ms (next.js: 6ms, application-code: 18ms)
 GET /dashboard 200 in 38ms (next.js: 5ms, application-code: 33ms)
 GET /aiinsights 200 in 286ms (next.js: 183ms, application-code: 103ms)
 GET /dashboard 200 in 43ms (next.js: 5ms, application-code: 38ms)
 GET /learn 200 in 90ms (next.js: 50ms, application-code: 40ms)
 GET /learn/sqli 200 in 134ms (next.js: 56ms, application-code: 78ms)
 GET /api/content/sqli 200 in 983ms (next.js: 883ms, application-code: 100ms)
 GET /api/content/sqli 200 in 1061ms (next.js: 955ms, application-code: 105ms)
 GET /quiz/sqli-module 200 in 65ms (next.js: 16ms, application-code: 49ms)
 GET /api/quiz/sqli-module 500 in 828ms (next.js: 768ms, application-code: 60ms)
 GET /api/quiz/sqli-module 500 in 827ms (next.js: 804ms, application-code: 23ms)
 GET /api/content/sqli 200 in 79ms (next.js: 14ms, application-code: 65ms)
 GET /api/content/sqli 200 in 137ms (next.js: 23ms, application-code: 114ms)
 GET /learn/sqli/lablist 200 in 106ms (next.js: 53ms, application-code: 53ms)
 GET /api/content/sqli 200 in 83ms (next.js: 21ms, application-code: 62ms)
 GET /api/content/sqli 200 in 179ms (next.js: 14ms, application-code: 165ms)
 GET /learn/sqli/lab1 200 in 103ms (next.js: 53ms, application-code: 50ms)
 GET /learn/sqli/lab1/shop 200 in 100ms (next.js: 49ms, application-code: 51ms)
 GET /learn/sqli/lab1/shop?category=Football 200 in 49ms (next.js: 5ms, application-code: 44ms)
 GET /learn/sqli/lab1/shop?category=Football%27%20or%201=1%27-- 200 in 146ms (next.js: 5ms, application-code: 140ms)
 GET /learn/sqli/lab1/shop?category=Football 200 in 93ms (next.js: 5ms, application-code: 89ms)
 GET /learn/sqli/lab1/shop 200 in 43ms (next.js: 5ms, application-code: 37ms)
 GET /learn/sqli/lab1 200 in 42ms (next.js: 4ms, application-code: 38ms)
 GET /learn/sqli/lablist 200 in 46ms (next.js: 5ms, application-code: 42ms)
 GET /api/content/sqli 200 in 82ms (next.js: 16ms, application-code: 66ms)
 GET /api/content/sqli 200 in 88ms (next.js: 26ms, application-code: 62ms)
 GET /learn/sqli 200 in 45ms (next.js: 6ms, application-code: 39ms)
 GET /api/content/sqli 200 in 73ms (next.js: 5ms, application-code: 68ms)
 GET /api/content/sqli 200 in 81ms (next.js: 16ms, application-code: 65ms)
 GET /learn 200 in 43ms (next.js: 5ms, application-code: 38ms)
 GET /dashboard 200 in 45ms (next.js: 5ms, application-code: 40ms)
 GET /quiz/sqli-module 200 in 91ms (next.js: 15ms, application-code: 76ms)
 GET /api/quiz/sqli-module 500 in 725ms (next.js: 704ms, application-code: 21ms)
 GET /aiinsights 200 in 99ms (next.js: 6ms, application-code: 93ms)
 GET /dashboard 200 in 41ms (next.js: 5ms, application-code: 37ms)
 GET /learn 200 in 52ms (next.js: 5ms, application-code: 47ms)
 GET /admin 200 in 195ms (next.js: 76ms, application-code: 120ms)
 GET /api/users 200 in 205ms (next.js: 89ms, application-code: 117ms)
 GET /api/admin/content 200 in 300ms (next.js: 174ms, application-code: 126ms)
 GET /admin/labs 200 in 235ms (next.js: 86ms, application-code: 149ms)
 GET /api/admin/content 200 in 127ms (next.js: 4ms, application-code: 122ms)
 GET /dashboard 200 in 118ms (next.js: 7ms, application-code: 111ms)
 GET /dashboard 200 in 23ms (next.js: 7ms, application-code: 16ms)
 GET /dashboard 200 in 52ms (next.js: 6ms, application-code: 46ms)
 GET /learn 200 in 48ms (next.js: 6ms, application-code: 41ms)
 GET /learn/sqli 200 in 57ms (next.js: 7ms, application-code: 50ms)
 GET /api/content/sqli 200 in 85ms (next.js: 19ms, application-code: 65ms)
 GET /api/content/sqli 200 in 92ms (next.js: 29ms, application-code: 63ms)
 GET /quiz/sqli-module 200 in 71ms (next.js: 21ms, application-code: 50ms)
 GET /api/quiz/sqli-module 500 in 870ms (next.js: 815ms, application-code: 56ms)
 GET /api/quiz/sqli-module 500 in 872ms (next.js: 843ms, application-code: 29ms)
 GET /api/content/sqli 200 in 85ms (next.js: 19ms, application-code: 66ms)
 GET /api/content/sqli 200 in 90ms (next.js: 27ms, application-code: 63ms)
 GET /quiz/sqli-module 200 in 76ms (next.js: 22ms, application-code: 53ms)
 GET /api/quiz/sqli-module 200 in 1143ms (next.js: 1065ms, application-code: 78ms)
 GET /api/quiz/sqli-module 200 in 1170ms (next.js: 1087ms, application-code: 83ms)
 GET /api/content/sqli 200 in 84ms (next.js: 18ms, application-code: 66ms)
 GET /api/content/sqli 200 in 96ms (next.js: 31ms, application-code: 65ms)
 GET /learn/sqli/lablist 200 in 67ms (next.js: 8ms, application-code: 59ms)
 GET /api/content/sqli 200 in 73ms (next.js: 6ms, application-code: 67ms)
 GET /api/content/sqli 200 in 190ms (next.js: 17ms, application-code: 173ms)
 GET /api/content/sqli 200 in 74ms (next.js: 4ms, application-code: 71ms)
 GET /api/content/sqli 200 in 107ms (next.js: 18ms, application-code: 89ms)
 GET /quiz/sqli-module 200 in 71ms (next.js: 18ms, application-code: 53ms)
 GET /api/quiz/sqli-module 200 in 83ms (next.js: 20ms, application-code: 63ms)
 GET /api/quiz/sqli-module 200 in 68ms (next.js: 5ms, application-code: 64ms)
 POST /api/submit-quiz 200 in 78ms (next.js: 4ms, application-code: 74ms)
 GET /api/content/sqli 200 in 89ms (next.js: 19ms, application-code: 70ms)
 GET /api/content/sqli 200 in 95ms (next.js: 30ms, application-code: 65ms)
 GET /quiz/sqli-module 200 in 72ms (next.js: 19ms, application-code: 53ms)
 GET /api/quiz/sqli-module 200 in 81ms (next.js: 17ms, application-code: 64ms)
 GET /api/quiz/sqli-module 200 in 94ms (next.js: 29ms, application-code: 65ms)
 GET /api/content/sqli 200 in 84ms (next.js: 19ms, application-code: 65ms)
 GET /api/content/sqli 200 in 91ms (next.js: 28ms, application-code: 63ms)
 GET /learn/xss 200 in 157ms (next.js: 86ms, application-code: 72ms)
 GET /api/content/xss 200 in 86ms (next.js: 20ms, application-code: 66ms)
 GET /api/content/xss 200 in 202ms (next.js: 31ms, application-code: 171ms)
 GET /quiz/xss 200 in 78ms (next.js: 21ms, application-code: 57ms)
 GET /api/quiz/xss 200 in 90ms (next.js: 27ms, application-code: 64ms)
 GET /api/quiz/xss 200 in 95ms (next.js: 32ms, application-code: 62ms)
 GET /api/content/xss 200 in 83ms (next.js: 18ms, application-code: 65ms)
 GET /api/content/xss 200 in 89ms (next.js: 27ms, application-code: 62ms)
 GET / 200 in 102ms (next.js: 9ms, application-code: 94ms)
 GET /dashboard 200 in 88ms (next.js: 6ms, application-code: 81ms)
 GET /aiinsights 200 in 44ms (next.js: 5ms, application-code: 39ms)
 GET /dashboard 200 in 35ms (next.js: 4ms, application-code: 31ms)
 GET /aiinsights 200 in 123ms (next.js: 29ms, application-code: 94ms)
 GET /dashboard 200 in 61ms (next.js: 11ms, application-code: 50ms)
 GET /learn 200 in 58ms (next.js: 13ms, application-code: 45ms)
 GET /learn/sqli 200 in 62ms (next.js: 8ms, application-code: 54ms)
 GET /learn/xss 200 in 65ms (next.js: 10ms, application-code: 54ms)
 GET /api/content/sqli 200 in 859ms (next.js: 37ms, application-code: 822ms)
 GET /api/content/sqli 200 in 862ms (next.js: 14ms, application-code: 848ms)
 GET /api/content/xss 200 in 750ms (next.js: 1870µs, application-code: 748ms)
 GET /api/content/xss 200 in 776ms (next.js: 1580µs, application-code: 774ms)
 GET /learn/csrf 200 in 2.8s (next.js: 181ms, application-code: 2.6s)
 GET /learn/csrf 200 in 62ms (next.js: 7ms, application-code: 54ms)
 GET /api/content/csrf 200 in 73ms (next.js: 13ms, application-code: 60ms)
 GET /api/content/csrf 200 in 63ms (next.js: 3ms, application-code: 60ms)
 GET /learn/xxe 200 in 149ms (next.js: 85ms, application-code: 64ms)
 GET /api/content/xxe 200 in 62ms (next.js: 6ms, application-code: 56ms)
 GET /api/content/xxe 200 in 59ms (next.js: 1498µs, application-code: 58ms)
 GET /dashboard 200 in 53ms (next.js: 6ms, application-code: 48ms)
 GET /aiinsights 200 in 46ms (next.js: 4ms, application-code: 42ms)
 GET /dashboard 200 in 48ms (next.js: 5ms, application-code: 42ms)
 GET /learn 200 in 44ms (next.js: 5ms, application-code: 40ms)
 GET /learn 200 in 190ms (next.js: 32ms, application-code: 158ms)
 GET /learn/sqli 200 in 53ms (next.js: 6ms, application-code: 47ms)
 GET /api/content/sqli 200 in 837ms (next.js: 38ms, application-code: 798ms)
 GET /learn/sqli/lablist 200 in 64ms (next.js: 11ms, application-code: 53ms)
 GET /api/content/sqli 200 in 922ms (next.js: 12ms, application-code: 910ms)
 GET /api/content/sqli 200 in 60ms (next.js: 2ms, application-code: 58ms)
 GET /api/content/sqli 200 in 571ms (next.js: 6ms, application-code: 565ms)
 GET /api/content/sqli 200 in 77ms (next.js: 17ms, application-code: 61ms)
 GET /api/content/sqli 200 in 90ms (next.js: 24ms, application-code: 65ms)
 GET /quiz/sqli-module 200 in 68ms (next.js: 21ms, application-code: 47ms)
 GET /api/quiz/sqli-module 500 in 648ms (next.js: 580ms, application-code: 68ms)
 GET /api/quiz/sqli-module 500 in 650ms (next.js: 623ms, application-code: 27ms)
 GET /quiz/sqli-module 200 in 97ms (next.js: 20ms, application-code: 77ms)
 GET /api/content/sqli 200 in 131ms (next.js: 67ms, application-code: 64ms)
 GET /api/content/sqli 200 in 141ms (next.js: 78ms, application-code: 63ms)
 GET /api/quiz/sqli-module 500 in 763ms (next.js: 725ms, application-code: 37ms)
 GET /api/quiz/sqli-module 500 in 764ms (next.js: 745ms, application-code: 19ms)
 GET /quiz/sqli-module 200 in 109ms (next.js: 14ms, application-code: 95ms)
 GET /api/quiz/sqli-module 500 in 520ms (next.js: 497ms, application-code: 23ms)
 GET /quiz/sqli-module 200 in 92ms (next.js: 17ms, application-code: 75ms)
 GET /api/quiz/sqli-module 500 in 492ms (next.js: 464ms, application-code: 27ms)
 GET /quiz/sqli-module 200 in 91ms (next.js: 16ms, application-code: 75ms)
 GET /api/quiz/sqli-module 500 in 611ms (next.js: 589ms, application-code: 23ms)
 GET /quiz/sqli-module 200 in 90ms (next.js: 16ms, application-code: 74ms)
 GET /api/quiz/sqli-module 200 in 831ms (next.js: 762ms, application-code: 68ms)
 GET /quiz/sqli-module 200 in 216ms (next.js: 64ms, application-code: 152ms)
 GET /api/quiz/sqli-module 500 in 379ms (next.js: 328ms, application-code: 51ms)
 GET /quiz/sqli-module 200 in 92ms (next.js: 14ms, application-code: 78ms)
 GET /api/quiz/sqli-module 500 in 96ms (next.js: 71ms, application-code: 25ms)
 GET /quiz/sqli-module 200 in 141ms (next.js: 12ms, application-code: 128ms)
 GET /api/quiz/sqli-module 500 in 91ms (next.js: 67ms, application-code: 23ms)
 GET /quiz/sqli-module 200 in 116ms (next.js: 14ms, application-code: 102ms)
 GET /api/quiz/sqli-module 500 in 81ms (next.js: 63ms, application-code: 18ms)
 GET /quiz/sqli-module 200 in 99ms (next.js: 15ms, application-code: 84ms)
 GET /api/quiz/sqli-module 500 in 83ms (next.js: 63ms, application-code: 20ms)
 GET /quiz/sqli-module 200 in 83ms (next.js: 15ms, application-code: 68ms)
 GET /api/quiz/sqli-module 500 in 70ms (next.js: 48ms, application-code: 22ms)
 GET /quiz/sqli-module 200 in 86ms (next.js: 15ms, application-code: 71ms)
 GET /api/quiz/sqli-module 500 in 71ms (next.js: 51ms, application-code: 21ms)
 GET /quiz/sqli-module 200 in 94ms (next.js: 5ms, application-code: 88ms)
 GET /api/quiz/sqli-module 500 in 77ms (next.js: 57ms, application-code: 21ms)
 GET /quiz/sqli-module 200 in 132ms (next.js: 16ms, application-code: 117ms)
 GET /api/quiz/sqli-module 500 in 65ms (next.js: 47ms, application-code: 18ms)
 GET /quiz/sqli-module 200 in 95ms (next.js: 15ms, application-code: 80ms)
 GET /api/quiz/sqli-module 500 in 71ms (next.js: 51ms, application-code: 20ms)
 GET /quiz/sqli-module 200 in 94ms (next.js: 16ms, application-code: 79ms)
 GET /api/quiz/sqli-module 500 in 115ms (next.js: 93ms, application-code: 23ms)
 GET /learn/sqli 200 in 65ms (next.js: 9ms, application-code: 56ms)
 GET /api/content/sqli 200 in 803ms (next.js: 33ms, application-code: 770ms)
 GET /api/content/sqli 200 in 808ms (next.js: 7ms, application-code: 800ms)
 GET /quiz/sqli-module 200 in 65ms (next.js: 18ms, application-code: 47ms)
 GET /api/quiz/sqli-module 500 in 153ms (next.js: 99ms, application-code: 54ms)
 GET /api/quiz/sqli-module 500 in 153ms (next.js: 125ms, application-code: 28ms)
 GET /quiz/sqli-module 200 in 96ms (next.js: 16ms, application-code: 80ms)
 GET /api/quiz/sqli-module 500 in 119ms (next.js: 97ms, application-code: 22ms)
 GET /quiz/sqli-module 200 in 90ms (next.js: 15ms, application-code: 75ms)
 GET /api/quiz/sqli-module 500 in 66ms (next.js: 46ms, application-code: 20ms)
 GET /quiz/sqli-module 200 in 87ms (next.js: 16ms, application-code: 70ms)
 GET /api/quiz/sqli-module 500 in 74ms (next.js: 50ms, application-code: 23ms)
 GET /quiz/sqli-module 200 in 93ms (next.js: 16ms, application-code: 77ms)
 GET /api/quiz/sqli-module 500 in 72ms (next.js: 52ms, application-code: 20ms)
 GET /quiz/sqli-module 200 in 93ms (next.js: 16ms, application-code: 78ms)
 GET /api/quiz/sqli-module 500 in 68ms (next.js: 49ms, application-code: 19ms)
 GET /quiz/sqli-module 200 in 130ms (next.js: 15ms, application-code: 115ms)
 GET /api/quiz/sqli-module 500 in 76ms (next.js: 52ms, application-code: 24ms)
 GET /quiz/sqli-module 200 in 90ms (next.js: 5ms, application-code: 84ms)
 GET /api/quiz/sqli-module 500 in 82ms (next.js: 57ms, application-code: 25ms)
 GET /quiz/sqli-module 200 in 97ms (next.js: 15ms, application-code: 81ms)
 GET /api/quiz/sqli-module 500 in 100ms (next.js: 80ms, application-code: 20ms)
 GET /quiz/sqli-module 200 in 90ms (next.js: 6ms, application-code: 84ms)
 GET /api/quiz/sqli-module 500 in 73ms (next.js: 51ms, application-code: 22ms)
 GET /quiz/sqli-module 200 in 102ms (next.js: 17ms, application-code: 85ms)
 GET /api/quiz/sqli-module 500 in 74ms (next.js: 50ms, application-code: 24ms)
 GET /quiz/sqli-module 200 in 128ms (next.js: 5ms, application-code: 123ms)
 GET /api/quiz/sqli-module 500 in 72ms (next.js: 49ms, application-code: 23ms)
 GET /quiz/sqli-module 200 in 35ms (next.js: 6ms, application-code: 29ms)
 GET /api/quiz/sqli-module 500 in 148ms (next.js: 125ms, application-code: 24ms)
 GET /quiz/sqli-module 200 in 179ms (next.js: 6ms, application-code: 172ms)
 GET /api/quiz/sqli-module 500 in 53ms (next.js: 32ms, application-code: 21ms)
 GET /quiz/sqli-module 200 in 89ms (next.js: 13ms, application-code: 76ms)
 GET /api/quiz/sqli-module 500 in 69ms (next.js: 47ms, application-code: 21ms)
 GET /quiz/sqli-module 200 in 91ms (next.js: 15ms, application-code: 76ms)
 GET /api/quiz/sqli-module 500 in 76ms (next.js: 56ms, application-code: 20ms)
 GET /quiz/sqli-module 200 in 87ms (next.js: 16ms, application-code: 71ms)
 GET /api/quiz/sqli-module 500 in 72ms (next.js: 52ms, application-code: 20ms)
 GET /quiz/sqli-module 200 in 83ms (next.js: 13ms, application-code: 71ms)
 GET /api/quiz/sqli-module 500 in 66ms (next.js: 47ms, application-code: 18ms)
 GET /quiz/sqli-module 200 in 95ms (next.js: 16ms, application-code: 79ms)
 GET /api/quiz/sqli-module 500 in 74ms (next.js: 52ms, application-code: 21ms)
 GET /quiz/sqli-module 200 in 89ms (next.js: 14ms, application-code: 75ms)
 GET /api/quiz/sqli-module 500 in 66ms (next.js: 43ms, application-code: 23ms)
 GET /quiz/sqli-module 200 in 123ms (next.js: 15ms, application-code: 109ms)
 GET /api/quiz/sqli-module 500 in 71ms (next.js: 51ms, application-code: 20ms)
 GET /quiz/sqli-module 200 in 81ms (next.js: 5ms, application-code: 77ms)
 GET /api/quiz/sqli-module 500 in 80ms (next.js: 51ms, application-code: 28ms)
 GET /quiz/sqli-module 200 in 95ms (next.js: 15ms, application-code: 80ms)
 GET /api/quiz/sqli-module 500 in 109ms (next.js: 85ms, application-code: 25ms)
 GET /quiz/sqli-module 200 in 82ms (next.js: 5ms, application-code: 77ms)
 GET /api/quiz/sqli-module 500 in 76ms (next.js: 54ms, application-code: 22ms)
 GET /quiz/sqli-module 200 in 100ms (next.js: 15ms, application-code: 85ms)
 GET /api/quiz/sqli-module 500 in 68ms (next.js: 47ms, application-code: 20ms)
 GET /quiz/sqli-module 200 in 66ms (next.js: 2ms, application-code: 64ms)
 GET /api/quiz/sqli-module 500 in 107ms (next.js: 83ms, application-code: 24ms)
 GET /dashboard 200 in 114ms (next.js: 10ms, application-code: 104ms)
 GET /learn 200 in 49ms (next.js: 8ms, application-code: 42ms)
▲ Next.js 16.2.1 (Turbopack)
- Local:         http://localhost:3001
- Network:       http://172.16.0.2:3001
- Environments: .env.local
✓ Ready in 423ms
Creating turbopack project { dir: 'C:\\project\\cyberlearn', testMode: true }

 GET /dashboard 200 in 1062ms (next.js: 837ms, application-code: 225ms)
 GET /learn 200 in 117ms (next.js: 57ms, application-code: 60ms)
 GET /learn/sqli 200 in 113ms (next.js: 54ms, application-code: 60ms)
 GET /quiz/sqli-module 200 in 787ms (next.js: 658ms, application-code: 129ms)
 GET /api/content/sqli 200 in 1786ms (next.js: 1671ms, application-code: 115ms)
 GET /api/content/sqli 200 in 2.2s (next.js: 1672ms, application-code: 483ms)
 GET /api/quiz/sqli-module 500 in 1183ms (next.js: 859ms, application-code: 324ms)
 GET /api/quiz/sqli-module 500 in 1175ms (next.js: 1103ms, application-code: 72ms)
 GET /quiz/sqli-module 200 in 113ms (next.js: 17ms, application-code: 96ms)
 GET /api/quiz/sqli-module 200 in 863ms (next.js: 796ms, application-code: 67ms)
 POST /api/submit-quiz 200 in 111ms (next.js: 44ms, application-code: 67ms)
 POST /api/submit-quiz 200 in 70ms (next.js: 4ms, application-code: 66ms)
 POST /api/submit-quiz 200 in 79ms (next.js: 3ms, application-code: 75ms)
 GET /dashboard 200 in 154ms (next.js: 6ms, application-code: 148ms)
 GET /learn 200 in 58ms (next.js: 7ms, application-code: 51ms)
 GET /learn/sqli 200 in 60ms (next.js: 7ms, application-code: 53ms)
 GET /api/content/sqli 200 in 919ms (next.js: 44ms, application-code: 875ms)
 GET /api/content/sqli 200 in 944ms (next.js: 15ms, application-code: 929ms)
 GET /quiz/sqli-module 200 in 82ms (next.js: 21ms, application-code: 61ms)
 GET /api/quiz/sqli-module 500 in 413ms (next.js: 333ms, application-code: 80ms)
 GET /api/quiz/sqli-module 500 in 415ms (next.js: 385ms, application-code: 30ms)
 GET /quiz/sqli-module 200 in 115ms (next.js: 20ms, application-code: 95ms)
 GET /api/quiz/sqli-module 500 in 122ms (next.js: 100ms, application-code: 23ms)
 GET /quiz/sqli-module 200 in 119ms (next.js: 20ms, application-code: 99ms)
 GET /api/quiz/sqli-module 500 in 80ms (next.js: 61ms, application-code: 20ms)
 GET /quiz/sqli-module 200 in 120ms (next.js: 20ms, application-code: 100ms)
 GET /api/quiz/sqli-module 500 in 90ms (next.js: 67ms, application-code: 23ms)
 GET /quiz/sqli-module 200 in 110ms (next.js: 19ms, application-code: 90ms)
 GET /api/quiz/sqli-module 500 in 79ms (next.js: 57ms, application-code: 21ms)
 GET /quiz/sqli-module 200 in 106ms (next.js: 6ms, application-code: 99ms)
 GET /api/quiz/sqli-module 500 in 88ms (next.js: 64ms, application-code: 24ms)
 GET /quiz/sqli-module 200 in 139ms (next.js: 18ms, application-code: 121ms)
 GET /api/quiz/sqli-module 500 in 88ms (next.js: 66ms, application-code: 23ms)
 GET /quiz/sqli-module 200 in 113ms (next.js: 18ms, application-code: 95ms)
 GET /api/quiz/sqli-module 500 in 86ms (next.js: 64ms, application-code: 23ms)
 GET /quiz/sqli-module 200 in 108ms (next.js: 6ms, application-code: 102ms)
 GET /api/quiz/sqli-module 500 in 112ms (next.js: 85ms, application-code: 27ms)
 GET /quiz/sqli-module 200 in 117ms (next.js: 18ms, application-code: 98ms)
 GET /api/quiz/sqli-module 500 in 84ms (next.js: 62ms, application-code: 22ms)
 GET /quiz/sqli-module 200 in 82ms (next.js: 3ms, application-code: 79ms)
 GET /api/quiz/sqli-module 500 in 103ms (next.js: 69ms, application-code: 34ms)
 GET /quiz/sqli-module 200 in 131ms (next.js: 21ms, application-code: 109ms)
 GET /api/quiz/sqli-module 500 in 82ms (next.js: 58ms, application-code: 24ms)
 GET / 200 in 274ms (next.js: 78ms, application-code: 196ms)
 GET /signup 200 in 127ms (next.js: 70ms, application-code: 57ms)
 GET /login 200 in 174ms (next.js: 69ms, application-code: 105ms)
 POST /api/login 401 in 1272ms (next.js: 73ms, application-code: 1199ms)
 POST /api/login 200 in 233ms (next.js: 4ms, application-code: 229ms)
 GET /dashboard 200 in 48ms (next.js: 5ms, application-code: 44ms)
 GET /dashboard 200 in 71ms (next.js: 5ms, application-code: 66ms)
 GET /learn 200 in 50ms (next.js: 6ms, application-code: 44ms)
 GET /learn/sqli 200 in 58ms (next.js: 6ms, application-code: 52ms)
 GET /api/content/sqli 200 in 65ms (next.js: 3ms, application-code: 62ms)
 GET /api/content/sqli 200 in 167ms (next.js: 10ms, application-code: 157ms)
 GET /quiz/sqli-module 200 in 64ms (next.js: 19ms, application-code: 45ms)
 GET /api/quiz/sqli-module 500 in 209ms (next.js: 147ms, application-code: 62ms)
 GET /api/quiz/sqli-module 500 in 210ms (next.js: 177ms, application-code: 34ms)
 GET /quiz/sqli-module 200 in 117ms (next.js: 18ms, application-code: 99ms)
 GET /api/quiz/sqli-module 500 in 90ms (next.js: 63ms, application-code: 27ms)
 GET /quiz/sqli-module 200 in 114ms (next.js: 18ms, application-code: 96ms)
 GET /api/quiz/sqli-module 500 in 83ms (next.js: 57ms, application-code: 25ms)
 GET /quiz/sqli-module 200 in 113ms (next.js: 18ms, application-code: 95ms)
 GET /api/quiz/sqli-module 500 in 87ms (next.js: 61ms, application-code: 26ms)
 GET /quiz/sqli-module 200 in 130ms (next.js: 20ms, application-code: 110ms)
 GET /api/quiz/sqli-module 500 in 129ms (next.js: 100ms, application-code: 29ms)
 GET /quiz/sqli-module 200 in 124ms (next.js: 19ms, application-code: 105ms)
 GET /api/quiz/sqli-module 500 in 88ms (next.js: 62ms, application-code: 25ms)
 GET /quiz/sqli-module 200 in 108ms (next.js: 19ms, application-code: 89ms)
 GET /api/quiz/sqli-module 500 in 117ms (next.js: 88ms, application-code: 28ms)
 GET /quiz/sqli-module 200 in 113ms (next.js: 18ms, application-code: 94ms)
 GET /api/quiz/sqli-module 500 in 81ms (next.js: 56ms, application-code: 25ms)
 GET /quiz/sqli-module 200 in 109ms (next.js: 19ms, application-code: 90ms)
 GET /api/quiz/sqli-module 500 in 122ms (next.js: 93ms, application-code: 29ms)
 GET /quiz/sqli-module 200 in 90ms (next.js: 3ms, application-code: 88ms)
 GET /api/quiz/sqli-module 500 in 86ms (next.js: 61ms, application-code: 24ms)
 GET /quiz/sqli-module 200 in 107ms (next.js: 18ms, application-code: 89ms)
 GET /api/quiz/sqli-module 500 in 118ms (next.js: 92ms, application-code: 27ms)
 GET /quiz/sqli-module 200 in 134ms (next.js: 14ms, application-code: 120ms)
 GET /api/quiz/sqli-module 500 in 82ms (next.js: 62ms, application-code: 20ms)
 GET /quiz/sqli-module 200 in 83ms (next.js: 13ms, application-code: 69ms)
 GET /api/quiz/sqli-module 500 in 64ms (next.js: 49ms, application-code: 16ms)
 GET /quiz/sqli-module 200 in 88ms (next.js: 16ms, application-code: 72ms)
 GET /api/quiz/sqli-module 500 in 76ms (next.js: 58ms, application-code: 17ms)
 GET /quiz/sqli-module 200 in 86ms (next.js: 17ms, application-code: 70ms)
 GET /api/quiz/sqli-module 500 in 74ms (next.js: 54ms, application-code: 21ms)
 GET /quiz/sqli-module 200 in 85ms (next.js: 5ms, application-code: 81ms)
 GET /api/quiz/sqli-module 500 in 119ms (next.js: 97ms, application-code: 22ms)
 GET /quiz/sqli-module 200 in 104ms (next.js: 18ms, application-code: 86ms)
 GET /api/quiz/sqli-module 500 in 81ms (next.js: 58ms, application-code: 23ms)
 GET /quiz/sqli-module 200 in 92ms (next.js: 8ms, application-code: 84ms)
 GET /api/quiz/sqli-module 500 in 153ms (next.js: 134ms, application-code: 19ms)
 GET /quiz/sqli-module 200 in 169ms (next.js: 7ms, application-code: 162ms)
 GET /api/quiz/sqli-module 500 in 73ms (next.js: 55ms, application-code: 17ms)
 GET /quiz/sqli-module 200 in 99ms (next.js: 13ms, application-code: 86ms)
 GET /api/quiz/sqli-module 500 in 92ms (next.js: 71ms, application-code: 22ms)
 GET /quiz/sqli-module 200 in 112ms (next.js: 6ms, application-code: 106ms)
 GET /api/quiz/sqli-module 500 in 72ms (next.js: 53ms, application-code: 20ms)
 GET /quiz/sqli-module 200 in 126ms (next.js: 17ms, application-code: 109ms)
 GET /api/quiz/sqli-module 500 in 88ms (next.js: 65ms, application-code: 24ms)
 GET /quiz/sqli-module 200 in 103ms (next.js: 6ms, application-code: 96ms)
 GET /api/quiz/sqli-module 500 in 80ms (next.js: 61ms, application-code: 19ms)
 GET /quiz/sqli-module 200 in 42ms (next.js: 9ms, application-code: 33ms)
 GET /api/quiz/sqli-module 500 in 121ms (next.js: 94ms, application-code: 26ms)
 GET /quiz/sqli-module 200 in 93ms (next.js: 6ms, application-code: 87ms)
 GET /api/quiz/sqli-module 500 in 47ms
 GET /quiz/sqli-module 200 in 219ms (next.js: 10ms, application-code: 209ms)
 GET /api/quiz/sqli-module 500 in 53ms (next.js: 33ms, application-code: 20ms)
 GET /quiz/sqli-module 200 in 40ms (next.js: 8ms, application-code: 32ms)
 GET /api/quiz/sqli-module 500 in 102ms (next.js: 81ms, application-code: 21ms)
 GET /quiz/sqli-module 200 in 90ms (next.js: 5ms, application-code: 86ms)
 GET /api/quiz/sqli-module 500 in 73ms (next.js: 54ms, application-code: 20ms)
 GET /quiz/sqli-module 200 in 110ms (next.js: 19ms, application-code: 90ms)
 GET /api/quiz/sqli-module 500 in 77ms (next.js: 58ms, application-code: 19ms)
 GET /quiz/sqli-module 200 in 114ms (next.js: 17ms, application-code: 98ms)
 GET /api/quiz/sqli-module 500 in 73ms (next.js: 53ms, application-code: 20ms)
 GET /quiz/sqli-module 200 in 92ms (next.js: 6ms, application-code: 86ms)
 GET /api/quiz/sqli-module 500 in 69ms (next.js: 51ms, application-code: 18ms)
 GET /quiz/xss-module 200 in 88ms (next.js: 15ms, application-code: 73ms)
 GET /api/quiz/xss-module 500 in 72ms (next.js: 53ms, application-code: 19ms)
 GET /quiz/xss-module 200 in 91ms (next.js: 16ms, application-code: 75ms)
 GET /api/quiz/xss-module 500 in 76ms (next.js: 55ms, application-code: 20ms)
 GET /quiz/xss-module 200 in 88ms (next.js: 16ms, application-code: 72ms)
 GET /api/quiz/xss-module 500 in 110ms (next.js: 86ms, application-code: 24ms)
 GET /quiz/xss-module 200 in 107ms (next.js: 5ms, application-code: 102ms)
 GET /api/quiz/xss-module 500 in 62ms
 GET /quiz/xss-module 200 in 205ms (next.js: 23ms, application-code: 182ms)
 GET /api/quiz/xss-module 500 in 56ms (next.js: 37ms, application-code: 19ms)
 GET /api/quiz/xss-module 500 in 298ms (next.js: 251ms, application-code: 48ms)
 GET /quiz/xss-module 200 in 615ms (next.js: 172ms, application-code: 443ms)
 GET /quiz/xss-module 200 in 119ms (next.js: 7ms, application-code: 112ms)
 GET /quiz/xss-module 200 in 54ms (next.js: 5ms, application-code: 49ms)
 GET /learn/sqli 200 in 229ms (next.js: 29ms, application-code: 200ms)
 GET /api/content/sqli 200 in 1090ms (next.js: 78ms, application-code: 1013ms)
 GET /quiz/sqli-module 200 in 48ms (next.js: 13ms, application-code: 36ms)
 GET /api/quiz/sqli-module 500 in 135ms (next.js: 97ms, application-code: 38ms)
 GET /api/quiz/sqli-module 500 in 137ms (next.js: 115ms, application-code: 22ms)
 GET /api/content/sqli 200 in 81ms (next.js: 17ms, application-code: 63ms)
 GET /api/content/sqli 200 in 565ms (next.js: 27ms, application-code: 538ms)
 GET /quiz/sqli-module 200 in 50ms (next.js: 14ms, application-code: 36ms)
 GET /api/quiz/sqli-module 500 in 151ms (next.js: 112ms, application-code: 40ms)
 GET /api/quiz/sqli-module 500 in 151ms (next.js: 130ms, application-code: 21ms)
 GET /api/content/sqli 200 in 82ms (next.js: 17ms, application-code: 65ms)
 GET /api/content/sqli 200 in 180ms (next.js: 26ms, application-code: 154ms)
 GET /quiz/sqli-module 200 in 84ms (next.js: 17ms, application-code: 67ms)
 GET /api/quiz/sqli-module 500 in 55ms (next.js: 40ms, application-code: 15ms)
 GET /api/quiz/sqli-module 500 in 56ms (next.js: 48ms, application-code: 8ms)
 GET /api/content/sqli 200 in 77ms (next.js: 15ms, application-code: 62ms)
 GET /api/content/sqli 200 in 89ms (next.js: 23ms, application-code: 65ms)
 GET /learn/sqli 200 in 271ms (next.js: 121ms, application-code: 150ms)
 GET /learn/sqli 200 in 58ms (next.js: 6ms, application-code: 52ms)
✓ Compiled in 665.8s
 GET /learn/sqli/lablist 200 in 116ms (next.js: 63ms, application-code: 53ms)
 GET /api/content/sqli 200 in 864ms (next.js: 68ms, application-code: 796ms)
 GET /api/content/sqli 200 in 1273ms (next.js: 86ms, application-code: 1187ms)
 GET /api/content/sqli 200 in 78ms (next.js: 15ms, application-code: 63ms)
 GET /api/content/sqli 200 in 66ms (next.js: 3ms, application-code: 63ms)
 GET /quiz/sqli-module 200 in 292ms (next.js: 159ms, application-code: 132ms)
 GET /api/quiz/sqli-module 200 in 808ms (next.js: 74ms, application-code: 735ms)
 GET /api/quiz/sqli-module 200 in 1171ms (next.js: 86ms, application-code: 1084ms)
 GET /api/content/sqli 200 in 81ms (next.js: 20ms, application-code: 61ms)
 GET /api/content/sqli 200 in 122ms (next.js: 14ms, application-code: 108ms)
 GET /quiz/sqli-module 200 in 53ms (next.js: 15ms, application-code: 38ms)
 GET /api/quiz/sqli-module 200 in 65ms (next.js: 9ms, application-code: 56ms)
 GET /api/quiz/sqli-module 200 in 70ms (next.js: 14ms, application-code: 57ms)
 GET /api/content/sqli 200 in 67ms (next.js: 8ms, application-code: 59ms)
 GET /api/content/sqli 200 in 71ms (next.js: 12ms, application-code: 59ms)
 GET /learn 200 in 83ms (next.js: 30ms, application-code: 53ms)
 GET /learn/xss 200 in 115ms (next.js: 58ms, application-code: 57ms)
 GET /api/content/xss 200 in 66ms (next.js: 8ms, application-code: 58ms)
 GET /api/content/xss 200 in 118ms (next.js: 13ms, application-code: 105ms)
 GET /quiz/xss 200 in 55ms (next.js: 15ms, application-code: 39ms)
 GET /api/quiz/xss 500 in 851ms (next.js: 762ms, application-code: 89ms)
 GET /api/quiz/xss 500 in 854ms (next.js: 806ms, application-code: 48ms)
 GET /quiz/xss 200 in 193ms (next.js: 16ms, application-code: 177ms)
 GET /api/quiz/xss 200 in 933ms (next.js: 871ms, application-code: 62ms)
 GET /learn/xss 200 in 46ms (next.js: 5ms, application-code: 41ms)
 GET /api/content/xss 200 in 63ms (next.js: 7ms, application-code: 56ms)
 GET /api/content/xss 200 in 59ms (next.js: 2ms, application-code: 57ms)
 GET /learn 200 in 91ms (next.js: 3ms, application-code: 88ms)
 GET /learn/sqli 200 in 44ms (next.js: 4ms, application-code: 40ms)
 GET /api/content/sqli 200 in 65ms (next.js: 6ms, application-code: 59ms)
 GET /api/content/sqli 200 in 60ms (next.js: 1479µs, application-code: 58ms)
 GET /quiz/sqli-module 200 in 65ms (next.js: 15ms, application-code: 49ms)
 GET /api/quiz/sqli-module 200 in 68ms (next.js: 9ms, application-code: 58ms)
 GET /api/quiz/sqli-module 200 in 70ms (next.js: 15ms, application-code: 55ms)
 GET /api/content/sqli 200 in 121ms (next.js: 14ms, application-code: 106ms)
 GET /api/content/sqli 200 in 126ms (next.js: 21ms, application-code: 105ms)
 GET /learn/xss 200 in 44ms (next.js: 4ms, application-code: 40ms)
 GET /api/content/xss 200 in 78ms (next.js: 16ms, application-code: 62ms)
 GET /api/content/xss 200 in 118ms (next.js: 9ms, application-code: 109ms)
 GET /quiz/xss 200 in 51ms (next.js: 15ms, application-code: 37ms)
 GET /api/quiz/xss 500 in 706ms (next.js: 671ms, application-code: 35ms)
 GET /api/quiz/xss 500 in 706ms (next.js: 687ms, application-code: 20ms)
 GET /quiz/xss-module 200 in 88ms (next.js: 14ms, application-code: 74ms)
 GET /api/quiz/xss-module 500 in 682ms (next.js: 665ms, application-code: 17ms)
 GET /quiz/xss-module 200 in 90ms (next.js: 14ms, application-code: 76ms)
 GET /api/quiz/xss-module 500 in 701ms (next.js: 687ms, application-code: 14ms)
 GET /quiz/xss-module 200 in 121ms (next.js: 21ms, application-code: 100ms)
 GET /api/quiz/xss-module 500 in 922ms (next.js: 888ms, application-code: 34ms)
 GET /quiz/xss-module 200 in 108ms (next.js: 17ms, application-code: 92ms)
 GET /api/quiz/xss-module 500 in 846ms (next.js: 822ms, application-code: 24ms)
 GET /quiz/xss-module 200 in 97ms (next.js: 16ms, application-code: 81ms)
 GET /api/quiz/xss-module 500 in 852ms (next.js: 831ms, application-code: 21ms)
▲ Next.js 16.2.1 (Turbopack)
- Local:         http://localhost:3001
- Network:       http://192.168.56.1:3001
- Environments: .env.local
✓ Ready in 618ms
Creating turbopack project { dir: 'C:\\project\\cyberlearn', testMode: true }

 GET / 200 in 586ms (next.js: 343ms, application-code: 243ms)
 GET /dashboard 200 in 226ms (next.js: 63ms, application-code: 164ms)
 GET /dashboard 200 in 29ms (next.js: 8ms, application-code: 21ms)
 GET /dashboard 200 in 76ms (next.js: 8ms, application-code: 69ms)
 GET /learn 200 in 138ms (next.js: 72ms, application-code: 66ms)
 GET /learn/sqli 200 in 113ms (next.js: 57ms, application-code: 56ms)
 GET /quiz/sqli-module 200 in 936ms (next.js: 793ms, application-code: 143ms)
 GET /api/content/sqli 200 in 1982ms (next.js: 1870ms, application-code: 113ms)
 GET /api/quiz/sqli-module 500 in 856ms (next.js: 445ms, application-code: 411ms)
 GET /api/quiz/sqli-module 500 in 936ms (next.js: 927ms, application-code: 8ms)
 GET /api/content/sqli 200 in 3.0s (next.js: 1870ms, application-code: 1144ms)
 GET /quiz/sqli-module 200 in 143ms (next.js: 19ms, application-code: 123ms)
 GET /api/quiz/sqli-module 200 in 959ms (next.js: 886ms, application-code: 73ms)
 POST /api/submit-quiz 200 in 117ms (next.js: 46ms, application-code: 71ms)
 GET /learn/sqli 200 in 108ms (next.js: 13ms, application-code: 95ms)
 GET /api/content/sqli 200 in 131ms (next.js: 12ms, application-code: 118ms)
 GET /api/content/sqli 200 in 107ms (next.js: 2ms, application-code: 104ms)
 GET /learn 200 in 53ms (next.js: 8ms, application-code: 45ms)
 GET /dashboard 200 in 53ms (next.js: 8ms, application-code: 45ms)
 GET /dashboard 200 in 622ms (next.js: 187ms, application-code: 435ms)
 GET /dashboard 200 in 377ms (next.js: 7ms, application-code: 370ms)
 GET /dashboard 200 in 330ms (next.js: 8ms, application-code: 322ms)
 GET /dashboard 200 in 329ms (next.js: 96ms, application-code: 233ms)
 GET /dashboard 200 in 331ms (next.js: 54ms, application-code: 277ms)
 GET /dashboard 200 in 333ms (next.js: 141ms, application-code: 192ms)
 GET /dashboard 200 in 347ms (next.js: 6ms, application-code: 341ms)
 GET /dashboard 200 in 346ms (next.js: 7ms, application-code: 339ms)
 GET /dashboard 200 in 340ms (next.js: 7ms, application-code: 333ms)
 GET /dashboard 200 in 340ms (next.js: 91ms, application-code: 249ms)
 GET /dashboard 200 in 342ms (next.js: 47ms, application-code: 294ms)
 GET /dashboard 200 in 346ms (next.js: 146ms, application-code: 200ms)
 GET /dashboard 200 in 366ms (next.js: 7ms, application-code: 359ms)
 GET /dashboard 200 in 367ms (next.js: 7ms, application-code: 360ms)
 GET /dashboard 200 in 365ms (next.js: 10ms, application-code: 356ms)
 GET /dashboard 200 in 367ms (next.js: 53ms, application-code: 313ms)
 GET /dashboard 200 in 367ms (next.js: 101ms, application-code: 266ms)
 GET /dashboard 200 in 368ms (next.js: 160ms, application-code: 208ms)
 GET /dashboard 200 in 315ms (next.js: 5ms, application-code: 310ms)
 GET /dashboard 200 in 319ms (next.js: 6ms, application-code: 313ms)
 GET /dashboard 200 in 325ms (next.js: 49ms, application-code: 276ms)
 GET /dashboard 200 in 327ms (next.js: 10ms, application-code: 317ms)
 GET /dashboard 200 in 330ms (next.js: 102ms, application-code: 228ms)
 GET /dashboard 200 in 241ms (next.js: 60ms, application-code: 181ms)
 GET /dashboard 200 in 359ms (next.js: 7ms, application-code: 352ms)
 GET /dashboard 200 in 306ms (next.js: 10ms, application-code: 296ms)
 GET /dashboard 200 in 282ms (next.js: 9ms, application-code: 272ms)
 GET /dashboard 200 in 330ms (next.js: 56ms, application-code: 274ms)
 GET /dashboard 200 in 266ms (next.js: 21ms, application-code: 245ms)
 GET /dashboard 200 in 268ms (next.js: 67ms, application-code: 202ms)
 GET /dashboard 200 in 352ms (next.js: 4ms, application-code: 348ms)
 GET /dashboard 200 in 352ms (next.js: 6ms, application-code: 346ms)
 GET /dashboard 200 in 271ms (next.js: 4ms, application-code: 267ms)
 GET /dashboard 200 in 269ms (next.js: 8ms, application-code: 261ms)
 GET /dashboard 200 in 267ms (next.js: 58ms, application-code: 209ms)
 GET /dashboard 200 in 173ms (next.js: 13ms, application-code: 160ms)
 GET /dashboard 200 in 323ms (next.js: 7ms, application-code: 316ms)
 GET /dashboard 200 in 324ms (next.js: 3ms, application-code: 321ms)
 GET /dashboard 200 in 280ms (next.js: 5ms, application-code: 275ms)
 GET /dashboard 200 in 275ms (next.js: 17ms, application-code: 258ms)
 GET /dashboard 200 in 266ms (next.js: 62ms, application-code: 204ms)
 GET /dashboard 200 in 164ms (next.js: 12ms, application-code: 151ms)
 GET /dashboard 200 in 345ms (next.js: 6ms, application-code: 339ms)
 GET /dashboard 200 in 350ms (next.js: 4ms, application-code: 346ms)
 GET /dashboard 200 in 312ms (next.js: 9ms, application-code: 302ms)
 GET /dashboard 200 in 343ms (next.js: 49ms, application-code: 295ms)
 GET /dashboard 200 in 305ms (next.js: 63ms, application-code: 242ms)
 GET /dashboard 200 in 252ms (next.js: 62ms, application-code: 190ms)
 GET /dashboard 200 in 4.5s (next.js: 6ms, application-code: 4.5s)
 GET /dashboard 200 in 4.8s (next.js: 5ms, application-code: 4.8s)
 GET /dashboard 200 in 4.8s (next.js: 7ms, application-code: 4.8s)
 GET /dashboard 200 in 4.7s (next.js: 61ms, application-code: 4.7s)
 GET /dashboard 200 in 4.7s (next.js: 350ms, application-code: 4.4s)
 GET /dashboard 200 in 632ms (next.js: 271ms, application-code: 361ms)
 GET /dashboard 200 in 239ms (next.js: 6ms, application-code: 233ms)
 GET /dashboard 200 in 323ms (next.js: 5ms, application-code: 319ms)
 GET /dashboard 200 in 316ms (next.js: 7ms, application-code: 310ms)
 GET /dashboard 200 in 285ms (next.js: 16ms, application-code: 269ms)
 GET /dashboard 200 in 286ms (next.js: 57ms, application-code: 229ms)
 GET /dashboard 200 in 279ms (next.js: 102ms, application-code: 177ms)
 GET /dashboard 200 in 155ms (next.js: 7ms, application-code: 148ms)
 GET /dashboard 200 in 288ms (next.js: 5ms, application-code: 283ms)
 GET /dashboard 200 in 251ms (next.js: 6ms, application-code: 246ms)
 GET /dashboard 200 in 246ms (next.js: 8ms, application-code: 238ms)
 GET /dashboard 200 in 247ms (next.js: 50ms, application-code: 197ms)
 GET /dashboard 200 in 247ms (next.js: 88ms, application-code: 160ms)
 GET /dashboard 200 in 166ms (next.js: 20ms, application-code: 147ms)
 GET /dashboard 200 in 338ms (next.js: 6ms, application-code: 332ms)
 GET /dashboard 200 in 297ms (next.js: 7ms, application-code: 290ms)
 GET /dashboard 200 in 306ms (next.js: 8ms, application-code: 299ms)
 GET /dashboard 200 in 307ms (next.js: 40ms, application-code: 267ms)
 GET /dashboard 200 in 307ms (next.js: 83ms, application-code: 225ms)
 GET /dashboard 200 in 184ms (next.js: 8ms, application-code: 176ms)
 GET /dashboard 200 in 318ms (next.js: 7ms, application-code: 311ms)
 GET /dashboard 200 in 263ms (next.js: 4ms, application-code: 259ms)
 GET /dashboard 200 in 264ms (next.js: 8ms, application-code: 256ms)
 GET /dashboard 200 in 261ms (next.js: 48ms, application-code: 213ms)
 GET /dashboard 200 in 222ms (next.js: 57ms, application-code: 165ms)
 GET /dashboard 200 in 212ms (next.js: 8ms, application-code: 205ms)
 GET /dashboard 200 in 251ms (next.js: 5ms, application-code: 246ms)
 GET /dashboard 200 in 201ms (next.js: 4ms, application-code: 197ms)
 GET /dashboard 200 in 156ms (next.js: 9ms, application-code: 146ms)
 GET /dashboard 200 in 153ms (next.js: 88ms, application-code: 65ms)
 GET /dashboard 200 in 156ms (next.js: 53ms, application-code: 103ms)
 GET /dashboard 200 in 546ms (next.js: 162ms, application-code: 384ms)
 GET /dashboard 200 in 291ms (next.js: 6ms, application-code: 284ms)
 GET /dashboard 200 in 339ms (next.js: 8ms, application-code: 331ms)
 GET /dashboard 200 in 339ms (next.js: 61ms, application-code: 278ms)
 GET /dashboard 200 in 339ms (next.js: 111ms, application-code: 228ms)
 GET /dashboard 200 in 340ms (next.js: 159ms, application-code: 180ms)
 GET /dashboard 200 in 369ms (next.js: 5ms, application-code: 365ms)
 GET /dashboard 200 in 328ms (next.js: 7ms, application-code: 321ms)
 GET /dashboard 200 in 365ms (next.js: 57ms, application-code: 308ms)
 GET /dashboard 200 in 368ms (next.js: 7ms, application-code: 361ms)
 GET /dashboard 200 in 368ms (next.js: 102ms, application-code: 266ms)
 GET /dashboard 200 in 370ms (next.js: 160ms, application-code: 209ms)
 GET /dashboard 200 in 308ms (next.js: 8ms, application-code: 301ms)
 GET /dashboard 200 in 261ms (next.js: 4ms, application-code: 257ms)
 GET /dashboard 200 in 316ms (next.js: 6ms, application-code: 310ms)
 GET /dashboard 200 in 318ms (next.js: 49ms, application-code: 269ms)
 GET /dashboard 200 in 318ms (next.js: 98ms, application-code: 220ms)
 GET /dashboard 200 in 233ms (next.js: 54ms, application-code: 179ms)
 GET /dashboard 200 in 318ms (next.js: 4ms, application-code: 314ms)
 GET /dashboard 200 in 268ms (next.js: 7ms, application-code: 262ms)
 GET /dashboard 200 in 335ms (next.js: 9ms, application-code: 326ms)
 GET /dashboard 200 in 334ms (next.js: 87ms, application-code: 247ms)
 GET /dashboard 200 in 336ms (next.js: 46ms, application-code: 290ms)
 GET /dashboard 200 in 211ms (next.js: 18ms, application-code: 193ms)
 GET /dashboard 200 in 374ms (next.js: 5ms, application-code: 369ms)
 GET /dashboard 200 in 296ms (next.js: 10ms, application-code: 286ms)
 GET /dashboard 200 in 330ms (next.js: 10ms, application-code: 320ms)
 GET /dashboard 200 in 330ms (next.js: 56ms, application-code: 274ms)
 GET /dashboard 200 in 330ms (next.js: 102ms, application-code: 227ms)
 GET /dashboard 200 in 329ms (next.js: 149ms, application-code: 180ms)
 GET /dashboard 200 in 350ms (next.js: 4ms, application-code: 347ms)
 GET /dashboard 200 in 304ms (next.js: 10ms, application-code: 295ms)
 GET /dashboard 200 in 366ms (next.js: 10ms, application-code: 357ms)
 GET /dashboard 200 in 367ms (next.js: 59ms, application-code: 308ms)
 GET /dashboard 200 in 367ms (next.js: 108ms, application-code: 259ms)
 GET /dashboard 200 in 367ms (next.js: 158ms, application-code: 208ms)
 GET /dashboard 200 in 359ms (next.js: 5ms, application-code: 355ms)
 GET /dashboard 200 in 303ms (next.js: 14ms, application-code: 289ms)
 GET /dashboard 200 in 333ms (next.js: 6ms, application-code: 327ms)
 GET /dashboard 200 in 337ms (next.js: 52ms, application-code: 285ms)
 GET /dashboard 200 in 293ms (next.js: 63ms, application-code: 230ms)
 GET /dashboard 200 in 237ms (next.js: 74ms, application-code: 163ms)
 GET /dashboard 200 in 341ms (next.js: 4ms, application-code: 337ms)
 GET /dashboard 200 in 294ms (next.js: 7ms, application-code: 286ms)
 GET /dashboard 200 in 327ms (next.js: 9ms, application-code: 318ms)
 GET /dashboard 200 in 327ms (next.js: 62ms, application-code: 265ms)
 GET /dashboard 200 in 274ms (next.js: 62ms, application-code: 212ms)
 GET /dashboard 200 in 220ms (next.js: 62ms, application-code: 158ms)
 GET /dashboard 200 in 354ms (next.js: 6ms, application-code: 347ms)
 GET /dashboard 200 in 313ms (next.js: 11ms, application-code: 303ms)
 GET /dashboard 200 in 385ms (next.js: 9ms, application-code: 376ms)
 GET /dashboard 200 in 338ms (next.js: 71ms, application-code: 267ms)
 GET /dashboard 200 in 340ms (next.js: 14ms, application-code: 327ms)
 GET /dashboard 200 in 339ms (next.js: 117ms, application-code: 222ms)
 GET /dashboard 200 in 366ms (next.js: 3ms, application-code: 363ms)
 GET /dashboard 200 in 293ms (next.js: 7ms, application-code: 286ms)
 GET /dashboard 200 in 335ms (next.js: 7ms, application-code: 327ms)
 GET /dashboard 200 in 290ms (next.js: 58ms, application-code: 232ms)
 GET /dashboard 200 in 293ms (next.js: 11ms, application-code: 282ms)
 GET /dashboard 200 in 290ms (next.js: 111ms, application-code: 179ms)
 GET /dashboard 200 in 330ms (next.js: 4ms, application-code: 326ms)
 GET /dashboard 200 in 281ms (next.js: 6ms, application-code: 275ms)
 GET /dashboard 200 in 337ms (next.js: 5ms, application-code: 332ms)
 GET /dashboard 200 in 339ms (next.js: 106ms, application-code: 232ms)
 GET /dashboard 200 in 339ms (next.js: 57ms, application-code: 282ms)
 GET /dashboard 200 in 187ms (next.js: 14ms, application-code: 173ms)
 GET /dashboard 200 in 366ms (next.js: 4ms, application-code: 362ms)
 GET /dashboard 200 in 328ms (next.js: 7ms, application-code: 321ms)
 GET /dashboard 200 in 362ms (next.js: 6ms, application-code: 356ms)
 GET /dashboard 200 in 364ms (next.js: 61ms, application-code: 303ms)
 GET /dashboard 200 in 311ms (next.js: 66ms, application-code: 244ms)
 GET /dashboard 200 in 253ms (next.js: 83ms, application-code: 170ms)
 GET /dashboard 200 in 322ms (next.js: 4ms, application-code: 318ms)
 GET /dashboard 200 in 274ms (next.js: 6ms, application-code: 267ms)
 GET /dashboard 200 in 335ms (next.js: 8ms, application-code: 326ms)
 GET /dashboard 200 in 335ms (next.js: 55ms, application-code: 280ms)
 GET /dashboard 200 in 335ms (next.js: 103ms, application-code: 231ms)
 GET /dashboard 200 in 293ms (next.js: 111ms, application-code: 182ms)
 GET /dashboard 200 in 341ms (next.js: 4ms, application-code: 338ms)
 GET /dashboard 200 in 289ms (next.js: 7ms, application-code: 283ms)
 GET /dashboard 200 in 361ms (next.js: 8ms, application-code: 353ms)
 GET /dashboard 200 in 361ms (next.js: 55ms, application-code: 306ms)
 GET /dashboard 200 in 315ms (next.js: 62ms, application-code: 253ms)
 GET /dashboard 200 in 314ms (next.js: 100ms, application-code: 214ms)
 GET /dashboard 200 in 143ms (next.js: 4ms, application-code: 139ms)
 GET /dashboard 200 in 69ms (next.js: 7ms, application-code: 62ms)
✓ Compiled in 209.1s
 GET / 200 in 417ms (next.js: 45ms, application-code: 372ms)
 GET /dashboard 200 in 183ms (next.js: 10ms, application-code: 173ms)
 GET /learn 200 in 107ms (next.js: 42ms, application-code: 65ms)
 GET /learn/sqli 200 in 148ms (next.js: 43ms, application-code: 106ms)
 GET /api/content/sqli 200 in 863ms (next.js: 129ms, application-code: 734ms)
 GET /quiz/sqli-module 200 in 116ms (next.js: 44ms, application-code: 72ms)
 GET /api/quiz/sqli-module 500 in 492ms (next.js: 404ms, application-code: 88ms)
 GET /api/content/sqli 200 in 1680ms (next.js: 148ms, application-code: 1531ms)
 GET /api/quiz/sqli-module 200 in 1271ms (next.js: 256ms, application-code: 1016ms)
 GET /quiz/sqli-module 200 in 164ms (next.js: 22ms, application-code: 142ms)
 GET /api/quiz/sqli-module 200 in 106ms (next.js: 21ms, application-code: 84ms)
 POST /api/submit-quiz 500 in 418ms (next.js: 298ms, application-code: 120ms)
 GET /quiz/sqli-module 500 in 44ms (next.js: 16ms, application-code: 28ms)
 GET /quiz/sqli-module 500 in 45ms (next.js: 14ms, application-code: 31ms)
 GET /quiz/sqli-module 500 in 35ms (next.js: 13ms, application-code: 22ms)
 GET /learn/sqli 500 in 36ms (next.js: 13ms, application-code: 23ms)
 GET /learn 500 in 29ms (next.js: 7ms, application-code: 22ms)
 GET /dashboard 500 in 36ms (next.js: 14ms, application-code: 23ms)
 GET /dashboard 500 in 33ms (next.js: 10ms, application-code: 23ms)
 GET / 500 in 45ms (next.js: 14ms, application-code: 31ms)
 GET / 500 in 38ms (next.js: 14ms, application-code: 24ms)
 GET / 500 in 73ms (next.js: 28ms, application-code: 45ms)
 GET / 500 in 30ms (next.js: 10ms, application-code: 20ms)
 GET / 500 in 32ms (next.js: 11ms, application-code: 21ms)
 GET / 500 in 30ms (next.js: 9ms, application-code: 21ms)
 GET / 500 in 32ms (next.js: 12ms, application-code: 20ms)
 GET / 500 in 14ms (next.js: 5ms, application-code: 9ms)
 GET / 500 in 18ms (next.js: 6ms, application-code: 13ms)
 GET / 500 in 15ms (next.js: 5ms, application-code: 10ms)
 GET / 500 in 42ms (next.js: 15ms, application-code: 27ms)
