⨯ Error: Could not parse module '[project]/app/api/quiz/[moduleId]/route.ts', file not found
    at module evaluation (C:\project\cyberlearn\.next\dev\server\chunks\[root-of-the-server]__120asek._.js:40:11)
    at Object.<anonymous> (C:\project\cyberlearn\.next\dev\server\app\api\quiz\[moduleId]\route.js:5:3) {
  code: 'MODULE_UNPARSABLE',
  page: '/api/quiz/csrf'
}
⨯ Failed to generate static paths for /api/quiz/[moduleId]:
Error: Could not parse module '[project]/app/api/quiz/[moduleId]/route.ts', file not found
    at module evaluation (C:\project\cyberlearn\.next\dev\server\chunks\[root-of-the-server]__120asek._.js:40:11) {
  type: 'Error',
  code: 'MODULE_UNPARSABLE'
}
⨯ Error: Could not parse module '[project]/app/api/quiz/[moduleId]/route.ts', file not found
    at module evaluation (C:\project\cyberlearn\.next\dev\server\chunks\[root-of-the-server]__120asek._.js:40:11) {
  type: 'Error',
  code: 'MODULE_UNPARSABLE',
  page: '/api/quiz/sqli-module'
}
⨯ Error: Could not parse module '[project]/app/api/quiz/[moduleId]/route.ts', file not found
    at module evaluation (C:\project\cyberlearn\.next\dev\server\chunks\[root-of-the-server]__120asek._.js:40:11) {
  type: 'Error',
  code: 'MODULE_UNPARSABLE',
  page: '/api/quiz/sqli-module'
}
⨯ Error: Could not parse module '[project]/app/api/quiz/[moduleId]/route.ts', file not found
    at module evaluation (C:\project\cyberlearn\.next\dev\server\chunks\[root-of-the-server]__120asek._.js:40:11) {
  type: 'Error',
  code: 'MODULE_UNPARSABLE',
  page: '/api/quiz/sqli-module'
}
⨯ Error: Could not parse module '[project]/app/api/quiz/[moduleId]/route.ts', file not found
    at module evaluation (C:\project\cyberlearn\.next\dev\server\chunks\[root-of-the-server]__120asek._.js:40:11) {
  type: 'Error',
  code: 'MODULE_UNPARSABLE',
  page: '/api/quiz/sqli-module'
}
⨯ Error: Could not parse module '[project]/app/api/quiz/[moduleId]/route.ts', file not found
    at module evaluation (C:\project\cyberlearn\.next\dev\server\chunks\[root-of-the-server]__120asek._.js:40:11) {
  type: 'Error',
  code: 'MODULE_UNPARSABLE',
  page: '/api/quiz/sqli-module'
}
⨯ Failed to generate static paths for /api/quiz/[moduleId]:
Error: Could not parse module '[project]/app/api/quiz/[moduleId]/route.ts', file not found
    at module evaluation (C:\project\cyberlearn\.next\dev\server\chunks\[root-of-the-server]__120asek._.js:40:11) {
  type: 'Error',
  code: 'MODULE_UNPARSABLE'
}
⨯ Failed to generate static paths for /api/quiz/[moduleId]:
Error: Could not parse module '[project]/app/api/quiz/[moduleId]/route.ts', file not found
    at module evaluation (C:\project\cyberlearn\.next\dev\server\chunks\[root-of-the-server]__120asek._.js:40:11) {
  type: 'Error',
  code: 'MODULE_UNPARSABLE'
}
⨯ TypeError: Cannot read properties of undefined (reading 'definition')
    at ignore-listed frames {
  type: 'TypeError',
  page: '/api/quiz/sqli-module'
}
⨯ TypeError: Cannot read properties of undefined (reading 'definition')
    at ignore-listed frames {
  type: 'TypeError',
  page: '/api/quiz/sqli-module'
}
⨯ Error: Could not parse module '[project]/app/api/quiz/[moduleId]/route.ts', file not found
    at module evaluation (C:\project\cyberlearn\.next\dev\server\chunks\[root-of-the-server]__120asek._.js:40:11) {
  type: 'Error',
  code: 'MODULE_UNPARSABLE',
  page: '/api/quiz/sqli-module'
}
⨯ Error: Could not parse module '[project]/app/api/quiz/[moduleId]/route.ts', file not found
    at module evaluation (C:\project\cyberlearn\.next\dev\server\chunks\[root-of-the-server]__120asek._.js:40:11) {
  type: 'Error',
  code: 'MODULE_UNPARSABLE',
  page: '/api/quiz/sqli-module'
}
⨯ TypeError: Cannot read properties of undefined (reading 'definition')
    at ignore-listed frames {
  type: 'TypeError',
  page: '/api/quiz/sqli-module'
}
⨯ TypeError: Cannot read properties of undefined (reading 'definition')
    at ignore-listed frames {
  type: 'TypeError',
  page: '/api/quiz/sqli-module'
}
⨯ Error: Could not parse module '[project]/app/api/quiz/[moduleId]/route.ts', file not found
    at module evaluation (C:\project\cyberlearn\.next\dev\server\chunks\[root-of-the-server]__120asek._.js:40:11) {
  type: 'Error',
  code: 'MODULE_UNPARSABLE',
  page: '/api/quiz/sqli-module'
}
⨯ Error: Could not parse module '[project]/app/api/quiz/[moduleId]/route.ts', file not found
    at module evaluation (C:\project\cyberlearn\.next\dev\server\chunks\[root-of-the-server]__120asek._.js:40:11)
    at Object.<anonymous> (C:\project\cyberlearn\.next\dev\server\app\api\quiz\[moduleId]\route.js:5:3) {
  code: 'MODULE_UNPARSABLE',
  page: '/api/quiz/sqli-module'
}
⨯ Error: Could not parse module '[project]/app/api/quiz/[moduleId]/route.ts', file not found
    at module evaluation (C:\project\cyberlearn\.next\dev\server\chunks\[root-of-the-server]__120asek._.js:40:11)
    at Object.<anonymous> (C:\project\cyberlearn\.next\dev\server\app\api\quiz\[moduleId]\route.js:5:3) {
  code: 'MODULE_UNPARSABLE',
  page: '/api/quiz/sqli-module'
}
⨯ Error: Could not parse module '[project]/app/api/quiz/[moduleId]/route.ts', file not found
    at module evaluation (C:\project\cyberlearn\.next\dev\server\chunks\[root-of-the-server]__120asek._.js:40:11)
    at Object.<anonymous> (C:\project\cyberlearn\.next\dev\server\app\api\quiz\[moduleId]\route.js:5:3) {
  code: 'MODULE_UNPARSABLE',
  page: '/api/quiz/sqli-module'
}
⨯ Error: Could not parse module '[project]/app/api/quiz/[moduleId]/route.ts', file not found
    at module evaluation (C:\project\cyberlearn\.next\dev\server\chunks\[root-of-the-server]__120asek._.js:40:11)
    at Object.<anonymous> (C:\project\cyberlearn\.next\dev\server\app\api\quiz\[moduleId]\route.js:5:3) {
  code: 'MODULE_UNPARSABLE',
  page: '/api/quiz/sqli-module'
}
⨯ TypeError: components.ComponentMod.handler is not a function
    at ignore-listed frames {
  page: '/api/quiz/sqli-module'
}
⨯ TypeError: components.ComponentMod.handler is not a function
    at ignore-listed frames {
  page: '/api/quiz/sqli-module'
}
⨯ TypeError: components.ComponentMod.handler is not a function
    at ignore-listed frames {
  page: '/api/quiz/sqli-module'
}
⨯ TypeError: components.ComponentMod.handler is not a function
    at ignore-listed frames {
  page: '/api/quiz/sqli-module'
}
⨯ TypeError: components.ComponentMod.handler is not a function
    at ignore-listed frames {
  page: '/api/quiz/sqli-module'
}
⨯ TypeError: components.ComponentMod.handler is not a function
    at ignore-listed frames {
  page: '/api/quiz/sqli-module'
}
⨯ TypeError: components.ComponentMod.handler is not a function
    at ignore-listed frames {
  page: '/api/quiz/sqli-module'
}
⨯ TypeError: components.ComponentMod.handler is not a function
    at ignore-listed frames {
  page: '/api/quiz/sqli-module'
}
⨯ TypeError: components.ComponentMod.handler is not a function
    at ignore-listed frames {
  page: '/api/quiz/sqli-module'
}
⨯ TypeError: components.ComponentMod.handler is not a function
    at ignore-listed frames {
  page: '/api/quiz/sqli-module'
}
⨯ TypeError: components.ComponentMod.handler is not a function
    at ignore-listed frames {
  page: '/api/quiz/sqli-module'
}
⨯ TypeError: components.ComponentMod.handler is not a function
    at ignore-listed frames {
  page: '/api/quiz/sqli-module'
}
⨯ TypeError: components.ComponentMod.handler is not a function
    at ignore-listed frames {
  page: '/api/quiz/sqli-module'
}
⨯ TypeError: components.ComponentMod.handler is not a function
    at ignore-listed frames {
  page: '/api/quiz/sqli-module'
}
⨯ TypeError: components.ComponentMod.handler is not a function
    at ignore-listed frames {
  page: '/api/quiz/sqli-module'
}
⨯ TypeError: components.ComponentMod.handler is not a function
    at ignore-listed frames {
  page: '/api/quiz/sqli-module'
}
⨯ TypeError: components.ComponentMod.handler is not a function
    at ignore-listed frames {
  page: '/api/quiz/sqli-module'
}
⨯ TypeError: components.ComponentMod.handler is not a function
    at ignore-listed frames {
  page: '/api/quiz/sqli-module'
}
⨯ TypeError: components.ComponentMod.handler is not a function
    at ignore-listed frames {
  page: '/api/quiz/sqli-module'
}
⨯ TypeError: components.ComponentMod.handler is not a function
    at ignore-listed frames {
  page: '/api/quiz/sqli-module'
}
⨯ TypeError: components.ComponentMod.handler is not a function
    at ignore-listed frames {
  page: '/api/quiz/sqli-module'
}
⨯ TypeError: components.ComponentMod.handler is not a function
    at ignore-listed frames {
  page: '/api/quiz/sqli-module'
}
⨯ TypeError: components.ComponentMod.handler is not a function
    at ignore-listed frames {
  page: '/api/quiz/sqli-module'
}
⨯ TypeError: components.ComponentMod.handler is not a function
    at ignore-listed frames {
  page: '/api/quiz/sqli-module'
}
⨯ TypeError: components.ComponentMod.handler is not a function
    at ignore-listed frames {
  page: '/api/quiz/sqli-module'
}
⨯ TypeError: components.ComponentMod.handler is not a function
    at ignore-listed frames {
  page: '/api/quiz/sqli-module'
}
⨯ TypeError: components.ComponentMod.handler is not a function
    at ignore-listed frames {
  page: '/api/quiz/sqli-module'
}
⨯ TypeError: components.ComponentMod.handler is not a function
    at ignore-listed frames {
  page: '/api/quiz/sqli-module'
}
⨯ TypeError: components.ComponentMod.handler is not a function
    at ignore-listed frames {
  page: '/api/quiz/sqli-module'
}
⨯ TypeError: components.ComponentMod.handler is not a function
    at ignore-listed frames {
  page: '/api/quiz/sqli-module'
}
⨯ TypeError: components.ComponentMod.handler is not a function
    at ignore-listed frames {
  page: '/api/quiz/sqli-module'
}
⨯ TypeError: components.ComponentMod.handler is not a function
    at ignore-listed frames {
  page: '/api/quiz/sqli-module'
}
⨯ TypeError: components.ComponentMod.handler is not a function
    at ignore-listed frames {
  page: '/api/quiz/sqli-module'
}
⨯ TypeError: components.ComponentMod.handler is not a function
    at ignore-listed frames {
  page: '/api/quiz/sqli-module'
}
⚠ Server is approaching the used memory threshold, restarting...
⨯ Error: Could not parse module '[project]/app/api/quiz/[moduleId]/route.ts', file not found
    at module evaluation (C:\project\cyberlearn\.next\dev\server\chunks\[root-of-the-server]__120asek._.js:40:11) {
  type: 'Error',
  code: 'MODULE_UNPARSABLE',
  page: '/api/quiz/sqli-module'
}
⨯ Error: Could not parse module '[project]/app/api/quiz/[moduleId]/route.ts', file not found
    at module evaluation (C:\project\cyberlearn\.next\dev\server\chunks\[root-of-the-server]__120asek._.js:40:11) {
  type: 'Error',
  code: 'MODULE_UNPARSABLE',
  page: '/api/quiz/sqli-module'
}
⨯ Error: Could not parse module '[project]/app/api/quiz/[moduleId]/route.ts', file not found
    at module evaluation (C:\project\cyberlearn\.next\dev\server\chunks\[root-of-the-server]__120asek._.js:40:11)
    at Object.<anonymous> (C:\project\cyberlearn\.next\dev\server\app\api\quiz\[moduleId]\route.js:5:3) {
  code: 'MODULE_UNPARSABLE',
  page: '/api/quiz/sqli-module'
}
⨯ TypeError: components.ComponentMod.handler is not a function
    at ignore-listed frames {
  page: '/api/quiz/sqli-module'
}
⨯ TypeError: components.ComponentMod.handler is not a function
    at ignore-listed frames {
  page: '/api/quiz/sqli-module'
}
⨯ TypeError: components.ComponentMod.handler is not a function
    at ignore-listed frames {
  page: '/api/quiz/sqli-module'
}
⨯ TypeError: components.ComponentMod.handler is not a function
    at ignore-listed frames {
  page: '/api/quiz/sqli-module'
}
⨯ TypeError: components.ComponentMod.handler is not a function
    at ignore-listed frames {
  page: '/api/quiz/sqli-module'
}
⨯ TypeError: components.ComponentMod.handler is not a function
    at ignore-listed frames {
  page: '/api/quiz/sqli-module'
}
⨯ TypeError: components.ComponentMod.handler is not a function
    at ignore-listed frames {
  page: '/api/quiz/sqli-module'
}
⨯ TypeError: components.ComponentMod.handler is not a function
    at ignore-listed frames {
  page: '/api/quiz/sqli-module'
}
⨯ TypeError: components.ComponentMod.handler is not a function
    at ignore-listed frames {
  page: '/api/quiz/sqli-module'
}
⨯ TypeError: components.ComponentMod.handler is not a function
    at ignore-listed frames {
  page: '/api/quiz/sqli-module'
}
⨯ TypeError: components.ComponentMod.handler is not a function
    at ignore-listed frames {
  page: '/api/quiz/sqli-module'
}
⨯ TypeError: components.ComponentMod.handler is not a function
    at ignore-listed frames {
  page: '/api/quiz/sqli-module'
}
⨯ TypeError: components.ComponentMod.handler is not a function
    at ignore-listed frames {
  page: '/api/quiz/sqli-module'
}
⨯ TypeError: components.ComponentMod.handler is not a function
    at ignore-listed frames {
  page: '/api/quiz/sqli-module'
}
⨯ TypeError: components.ComponentMod.handler is not a function
    at ignore-listed frames {
  page: '/api/quiz/sqli-module'
}
⨯ TypeError: components.ComponentMod.handler is not a function
    at ignore-listed frames {
  page: '/api/quiz/sqli-module'
}
⨯ TypeError: components.ComponentMod.handler is not a function
    at ignore-listed frames {
  page: '/api/quiz/sqli-module'
}
⨯ TypeError: components.ComponentMod.handler is not a function
    at ignore-listed frames {
  page: '/api/quiz/sqli-module'
}
⨯ TypeError: components.ComponentMod.handler is not a function
    at ignore-listed frames {
  page: '/api/quiz/sqli-module'
}
⨯ TypeError: components.ComponentMod.handler is not a function
    at ignore-listed frames {
  page: '/api/quiz/sqli-module'
}
⨯ TypeError: components.ComponentMod.handler is not a function
    at ignore-listed frames {
  page: '/api/quiz/sqli-module'
}
⨯ TypeError: components.ComponentMod.handler is not a function
    at ignore-listed frames {
  page: '/api/quiz/sqli-module'
}
⨯ TypeError: components.ComponentMod.handler is not a function
    at ignore-listed frames {
  page: '/api/quiz/sqli-module'
}
⨯ TypeError: components.ComponentMod.handler is not a function
    at ignore-listed frames {
  page: '/api/quiz/sqli-module'
}
⨯ TypeError: components.ComponentMod.handler is not a function
    at ignore-listed frames {
  page: '/api/quiz/sqli-module'
}
⨯ TypeError: components.ComponentMod.handler is not a function
    at ignore-listed frames {
  page: '/api/quiz/sqli-module'
}
⨯ TypeError: components.ComponentMod.handler is not a function
    at ignore-listed frames {
  page: '/api/quiz/sqli-module'
}
⨯ TypeError: components.ComponentMod.handler is not a function
    at ignore-listed frames {
  page: '/api/quiz/sqli-module'
}
⨯ TypeError: components.ComponentMod.handler is not a function
    at ignore-listed frames {
  page: '/api/quiz/sqli-module'
}
⨯ TypeError: components.ComponentMod.handler is not a function
    at ignore-listed frames {
  page: '/api/quiz/sqli-module'
}
⨯ TypeError: components.ComponentMod.handler is not a function
    at ignore-listed frames {
  page: '/api/quiz/sqli-module'
}
⨯ TypeError: components.ComponentMod.handler is not a function
    at ignore-listed frames {
  page: '/api/quiz/sqli-module'
}
⨯ TypeError: components.ComponentMod.handler is not a function
    at ignore-listed frames {
  page: '/api/quiz/sqli-module'
}
⨯ TypeError: components.ComponentMod.handler is not a function
    at ignore-listed frames {
  page: '/api/quiz/sqli-module'
}
⨯ TypeError: components.ComponentMod.handler is not a function
    at ignore-listed frames {
  page: '/api/quiz/sqli-module'
}
⨯ TypeError: components.ComponentMod.handler is not a function
    at ignore-listed frames {
  page: '/api/quiz/sqli-module'
}
⨯ TypeError: components.ComponentMod.handler is not a function
    at ignore-listed frames {
  page: '/api/quiz/sqli-module'
}
⨯ TypeError: components.ComponentMod.handler is not a function
    at ignore-listed frames {
  page: '/api/quiz/sqli-module'
}
⨯ TypeError: components.ComponentMod.handler is not a function
    at ignore-listed frames {
  page: '/api/quiz/sqli-module'
}
⨯ TypeError: components.ComponentMod.handler is not a function
    at ignore-listed frames {
  page: '/api/quiz/sqli-module'
}
⨯ TypeError: components.ComponentMod.handler is not a function
    at ignore-listed frames {
  page: '/api/quiz/sqli-module'
}
⨯ TypeError: components.ComponentMod.handler is not a function
    at ignore-listed frames {
  page: '/api/quiz/sqli-module'
}
⨯ TypeError: components.ComponentMod.handler is not a function
    at ignore-listed frames {
  page: '/api/quiz/sqli-module'
}
⨯ TypeError: components.ComponentMod.handler is not a function
    at ignore-listed frames {
  page: '/api/quiz/sqli-module'
}
⨯ TypeError: components.ComponentMod.handler is not a function
    at ignore-listed frames {
  page: '/api/quiz/xss-module'
}
⨯ TypeError: components.ComponentMod.handler is not a function
    at ignore-listed frames {
  page: '/api/quiz/xss-module'
}
⨯ TypeError: components.ComponentMod.handler is not a function
    at ignore-listed frames {
  page: '/api/quiz/xss-module'
}
⨯ TypeError: components.ComponentMod.handler is not a function
    at ignore-listed frames {
  page: '/api/quiz/xss-module'
}
⨯ TypeError: components.ComponentMod.handler is not a function
    at ignore-listed frames {
  page: '/api/quiz/xss-module'
}
⨯ Error: Could not parse module '[project]/app/api/quiz/[moduleId]/route.ts', file not found
    at module evaluation (C:\project\cyberlearn\.next\dev\server\chunks\[root-of-the-server]__120asek._.js:40:11)
    at Object.<anonymous> (C:\project\cyberlearn\.next\dev\server\app\api\quiz\[moduleId]\route.js:5:3) {
  code: 'MODULE_UNPARSABLE',
  page: '/api/quiz/xss-module'
}
⨯ TypeError: components.ComponentMod.handler is not a function
    at ignore-listed frames {
  page: '/api/quiz/sqli-module'
}
⨯ TypeError: components.ComponentMod.handler is not a function
    at ignore-listed frames {
  page: '/api/quiz/sqli-module'
}
⨯ TypeError: components.ComponentMod.handler is not a function
    at ignore-listed frames {
  page: '/api/quiz/sqli-module'
}
⨯ TypeError: components.ComponentMod.handler is not a function
    at ignore-listed frames {
  page: '/api/quiz/sqli-module'
}
⨯ TypeError: components.ComponentMod.handler is not a function
    at ignore-listed frames {
  page: '/api/quiz/sqli-module'
}
⨯ TypeError: components.ComponentMod.handler is not a function
    at ignore-listed frames {
  page: '/api/quiz/sqli-module'
}
⨯ Failed to generate static paths for /api/quiz/[moduleId]:
TypeError: Cannot read properties of undefined (reading 'definition')
    at ignore-listed frames {
  type: 'TypeError'
}
⨯ Failed to generate static paths for /api/quiz/[moduleId]:
TypeError: Cannot read properties of undefined (reading 'definition')
    at ignore-listed frames {
  type: 'TypeError'
}
⨯ Error: Could not parse module '[project]/app/api/quiz/[moduleId]/route.ts', file not found
    at module evaluation (C:\project\cyberlearn\.next\dev\server\chunks\[root-of-the-server]__120asek._.js:40:11) {
  type: 'Error',
  code: 'MODULE_UNPARSABLE',
  page: '/api/quiz/xss'
}
⨯ Error: Could not parse module '[project]/app/api/quiz/[moduleId]/route.ts', file not found
    at module evaluation (C:\project\cyberlearn\.next\dev\server\chunks\[root-of-the-server]__120asek._.js:40:11) {
  type: 'Error',
  code: 'MODULE_UNPARSABLE',
  page: '/api/quiz/xss'
}
⨯ Failed to generate static paths for /api/quiz/[moduleId]:
Error: Could not parse module '[project]/app/api/quiz/[moduleId]/route.ts', file not found
    at module evaluation (C:\project\cyberlearn\.next\dev\server\chunks\[root-of-the-server]__120asek._.js:40:11) {
  type: 'Error',
  code: 'MODULE_UNPARSABLE'
}
⨯ Failed to generate static paths for /api/quiz/[moduleId]:
Error: Could not parse module '[project]/app/api/quiz/[moduleId]/route.ts', file not found
    at module evaluation (C:\project\cyberlearn\.next\dev\server\chunks\[root-of-the-server]__120asek._.js:40:11) {
  type: 'Error',
  code: 'MODULE_UNPARSABLE'
}
⨯ Error: Could not parse module '[project]/app/api/quiz/[moduleId]/route.ts', file not found
    at module evaluation (C:\project\cyberlearn\.next\dev\server\chunks\[root-of-the-server]__120asek._.js:40:11) {
  type: 'Error',
  code: 'MODULE_UNPARSABLE',
  page: '/api/quiz/xss'
}
⨯ Error: Could not parse module '[project]/app/api/quiz/[moduleId]/route.ts', file not found
    at module evaluation (C:\project\cyberlearn\.next\dev\server\chunks\[root-of-the-server]__120asek._.js:40:11) {
  type: 'Error',
  code: 'MODULE_UNPARSABLE',
  page: '/api/quiz/xss'
}
⨯ Error: Could not parse module '[project]/app/api/quiz/[moduleId]/route.ts', file not found
    at module evaluation (C:\project\cyberlearn\.next\dev\server\chunks\[root-of-the-server]__120asek._.js:40:11) {
  type: 'Error',
  code: 'MODULE_UNPARSABLE',
  page: '/api/quiz/xss-module'
}
⨯ Error: Could not parse module '[project]/app/api/quiz/[moduleId]/route.ts', file not found
    at module evaluation (C:\project\cyberlearn\.next\dev\server\chunks\[root-of-the-server]__120asek._.js:40:11) {
  type: 'Error',
  code: 'MODULE_UNPARSABLE',
  page: '/api/quiz/xss-module'
}
⨯ Error: Could not parse module '[project]/app/api/quiz/[moduleId]/route.ts', file not found
    at module evaluation (C:\project\cyberlearn\.next\dev\server\chunks\[root-of-the-server]__120asek._.js:40:11) {
  type: 'Error',
  code: 'MODULE_UNPARSABLE',
  page: '/api/quiz/xss-module'
}
⨯ Error: Could not parse module '[project]/app/api/quiz/[moduleId]/route.ts', file not found
    at module evaluation (C:\project\cyberlearn\.next\dev\server\chunks\[root-of-the-server]__120asek._.js:40:11) {
  type: 'Error',
  code: 'MODULE_UNPARSABLE',
  page: '/api/quiz/xss-module'
}
⨯ Error: Could not parse module '[project]/app/api/quiz/[moduleId]/route.ts', file not found
    at module evaluation (C:\project\cyberlearn\.next\dev\server\chunks\[root-of-the-server]__120asek._.js:40:11) {
  type: 'Error',
  code: 'MODULE_UNPARSABLE',
  page: '/api/quiz/xss-module'
}
⚠ Server is approaching the used memory threshold, restarting...
⨯ Error: Could not parse module '[project]/app/api/quiz/[moduleId]/route.ts', file not found
    at module evaluation (C:\project\cyberlearn\.next\dev\server\chunks\[root-of-the-server]__120asek._.js:40:11)
    at Object.<anonymous> (C:\project\cyberlearn\.next\dev\server\app\api\quiz\[moduleId]\route.js:5:3) {
  code: 'MODULE_UNPARSABLE',
  page: '/api/quiz/sqli-module'
}
⨯ Error: Could not parse module '[project]/app/api/quiz/[moduleId]/route.ts', file not found
    at module evaluation (C:\project\cyberlearn\.next\dev\server\chunks\[root-of-the-server]__120asek._.js:40:11) {
  type: 'Error',
  code: 'MODULE_UNPARSABLE',
  page: '/api/quiz/sqli-module'
}
⨯ Error: Could not parse module '[project]/app/api/quiz/[moduleId]/route.ts', file not found
    at module evaluation (C:\project\cyberlearn\.next\dev\server\chunks\[root-of-the-server]__120asek._.js:40:11)
    at Object.<anonymous> (C:\project\cyberlearn\.next\dev\server\app\api\quiz\[moduleId]\route.js:5:3) {
  code: 'MODULE_UNPARSABLE',
  page: '/api/quiz/sqli-module'
}
⨯ ./app/api/submit-quiz/route.js:2:1
Export fallbackQuizzes doesn't exist in target module
  [90m1 |[0m [36mimport[0m clientPromise [36mfrom[0m [32m"../../lib/mongodb"[0m;
[31m[1m>[0m [90m2 |[0m [36mimport[0m {
  [90m  |[0m [31m[1m^^^^^^^[0m
[31m[1m>[0m [90m3 |[0m   fallbackQuizzes,
  [90m  |[0m [31m[1m^^^^^^^^^^^^^^^^^^[0m
[31m[1m>[0m [90m4 |[0m   normalizeModuleId,
  [90m  |[0m [31m[1m^^^^^^^^^^^^^^^^^^^^[0m
[31m[1m>[0m [90m5 |[0m   normalizeQuiz,
  [90m  |[0m [31m[1m^^^^^^^^^^^^^^^^[0m
[31m[1m>[0m [90m6 |[0m } [36mfrom[0m [32m"../../lib/quizzes"[0m;
  [90m  |[0m [31m[1m^^^^^^^^^^^^^^^^^^^^^^^^^^^[0m
  [90m7 |[0m
  [90m8 |[0m [36mexport[0m [36masync[0m [36mfunction[0m [33mPOST[0m(req) {
  [90m9 |[0m   [36mtry[0m {

The export fallbackQuizzes was not found in module [project]/app/lib/quizzes.js [app-route] (ecmascript).
Did you mean to import normalizeQuiz?
All exports of the module are statically known (It doesn't have dynamic exports). So it's known statically that the requested export doesn't exist.


[browser] Uncaught Error: ./app/api/submit-quiz/route.js:2:1
Export fallbackQuizzes doesn't exist in target module
  1 | import clientPromise from "../../lib/mongodb";
> 2 | import {
    | ^^^^^^^
> 3 |   fallbackQuizzes,
    | ^^^^^^^^^^^^^^^^^^
> 4 |   normalizeModuleId,
    | ^^^^^^^^^^^^^^^^^^^^
> 5 |   normalizeQuiz,
    | ^^^^^^^^^^^^^^^^
> 6 | } from "../../lib/quizzes";
    | ^^^^^^^^^^^^^^^^^^^^^^^^^^^
  7 |
  8 | export async function POST(req) {
  9 |   try {

The export fallbackQuizzes was not found in module [project]/app/lib/quizzes.js [app-route] (ecmascript).
Did you mean to import normalizeQuiz?
All exports of the module are statically known (It doesn't have dynamic exports). So it's known statically that the requested export doesn't exist.


    at <unknown> (Error: ./app/api/submit-quiz/route.js:2:1)
    at <unknown> (Error: (./app/api/submit-quiz/route.js:2:1)
[browser] ./app/api/submit-quiz/route.js:2:1
Export fallbackQuizzes doesn't exist in target module
  1 | import clientPromise from "../../lib/mongodb";
> 2 | import {
    | ^^^^^^^
> 3 |   fallbackQuizzes,
    | ^^^^^^^^^^^^^^^^^^
> 4 |   normalizeModuleId,
    | ^^^^^^^^^^^^^^^^^^^^
> 5 |   normalizeQuiz,
    | ^^^^^^^^^^^^^^^^
> 6 | } from "../../lib/quizzes";
    | ^^^^^^^^^^^^^^^^^^^^^^^^^^^
  7 |
  8 | export async function POST(req) {
  9 |   try {

The export fallbackQuizzes was not found in module [project]/app/lib/quizzes.js [app-route] (ecmascript).
Did you mean to import normalizeQuiz?
All exports of the module are statically known (It doesn't have dynamic exports). So it's known statically that the requested export doesn't exist. 
[browser] Uncaught Error: ./app/api/submit-quiz/route.js:2:1
Export fallbackQuizzes doesn't exist in target module
  1 | import clientPromise from "../../lib/mongodb";
> 2 | import {
    | ^^^^^^^
> 3 |   fallbackQuizzes,
    | ^^^^^^^^^^^^^^^^^^
> 4 |   normalizeModuleId,
    | ^^^^^^^^^^^^^^^^^^^^
> 5 |   normalizeQuiz,
    | ^^^^^^^^^^^^^^^^
> 6 | } from "../../lib/quizzes";
    | ^^^^^^^^^^^^^^^^^^^^^^^^^^^
  7 |
  8 | export async function POST(req) {
  9 |   try {

The export fallbackQuizzes was not found in module [project]/app/lib/quizzes.js [app-route] (ecmascript).
Did you mean to import normalizeQuiz?
All exports of the module are statically known (It doesn't have dynamic exports). So it's known statically that the requested export doesn't exist.


    at <unknown> (Error: ./app/api/submit-quiz/route.js:2:1)
    at <unknown> (Error: (./app/api/submit-quiz/route.js:2:1)
[browser] ./app/api/submit-quiz/route.js:2:1
Export fallbackQuizzes doesn't exist in target module
  1 | import clientPromise from "../../lib/mongodb";
> 2 | import {
    | ^^^^^^^
> 3 |   fallbackQuizzes,
    | ^^^^^^^^^^^^^^^^^^
> 4 |   normalizeModuleId,
    | ^^^^^^^^^^^^^^^^^^^^
> 5 |   normalizeQuiz,
    | ^^^^^^^^^^^^^^^^
> 6 | } from "../../lib/quizzes";
    | ^^^^^^^^^^^^^^^^^^^^^^^^^^^
  7 |
  8 | export async function POST(req) {
  9 |   try {

The export fallbackQuizzes was not found in module [project]/app/lib/quizzes.js [app-route] (ecmascript).
Did you mean to import normalizeQuiz?
All exports of the module are statically known (It doesn't have dynamic exports). So it's known statically that the requested export doesn't exist. 
[browser] Uncaught Error: ./app/api/submit-quiz/route.js:2:1
Export fallbackQuizzes doesn't exist in target module
  1 | import clientPromise from "../../lib/mongodb";
> 2 | import {
    | ^^^^^^^
> 3 |   fallbackQuizzes,
    | ^^^^^^^^^^^^^^^^^^
> 4 |   normalizeModuleId,
    | ^^^^^^^^^^^^^^^^^^^^
> 5 |   normalizeQuiz,
    | ^^^^^^^^^^^^^^^^
> 6 | } from "../../lib/quizzes";
    | ^^^^^^^^^^^^^^^^^^^^^^^^^^^
  7 |
  8 | export async function POST(req) {
  9 |   try {

The export fallbackQuizzes was not found in module [project]/app/lib/quizzes.js [app-route] (ecmascript).
Did you mean to import normalizeQuiz?
All exports of the module are statically known (It doesn't have dynamic exports). So it's known statically that the requested export doesn't exist.


    at <unknown> (Error: ./app/api/submit-quiz/route.js:2:1)
    at <unknown> (Error: (./app/api/submit-quiz/route.js:2:1)
[browser] ./app/api/submit-quiz/route.js:2:1
Export fallbackQuizzes doesn't exist in target module
  1 | import clientPromise from "../../lib/mongodb";
> 2 | import {
    | ^^^^^^^
> 3 |   fallbackQuizzes,
    | ^^^^^^^^^^^^^^^^^^
> 4 |   normalizeModuleId,
    | ^^^^^^^^^^^^^^^^^^^^
> 5 |   normalizeQuiz,
    | ^^^^^^^^^^^^^^^^
> 6 | } from "../../lib/quizzes";
    | ^^^^^^^^^^^^^^^^^^^^^^^^^^^
  7 |
  8 | export async function POST(req) {
  9 |   try {

The export fallbackQuizzes was not found in module [project]/app/lib/quizzes.js [app-route] (ecmascript).
Did you mean to import normalizeQuiz?
All exports of the module are statically known (It doesn't have dynamic exports). So it's known statically that the requested export doesn't exist. 
[browser] Uncaught Error: ./app/api/submit-quiz/route.js:2:1
Export fallbackQuizzes doesn't exist in target module
  1 | import clientPromise from "../../lib/mongodb";
> 2 | import {
    | ^^^^^^^
> 3 |   fallbackQuizzes,
    | ^^^^^^^^^^^^^^^^^^
> 4 |   normalizeModuleId,
    | ^^^^^^^^^^^^^^^^^^^^
> 5 |   normalizeQuiz,
    | ^^^^^^^^^^^^^^^^
> 6 | } from "../../lib/quizzes";
    | ^^^^^^^^^^^^^^^^^^^^^^^^^^^
  7 |
  8 | export async function POST(req) {
  9 |   try {

The export fallbackQuizzes was not found in module [project]/app/lib/quizzes.js [app-route] (ecmascript).
Did you mean to import normalizeQuiz?
All exports of the module are statically known (It doesn't have dynamic exports). So it's known statically that the requested export doesn't exist.


    at <unknown> (Error: ./app/api/submit-quiz/route.js:2:1)
    at <unknown> (Error: (./app/api/submit-quiz/route.js:2:1)
[browser] ./app/api/submit-quiz/route.js:2:1
Export fallbackQuizzes doesn't exist in target module
  1 | import clientPromise from "../../lib/mongodb";
> 2 | import {
    | ^^^^^^^
> 3 |   fallbackQuizzes,
    | ^^^^^^^^^^^^^^^^^^
> 4 |   normalizeModuleId,
    | ^^^^^^^^^^^^^^^^^^^^
> 5 |   normalizeQuiz,
    | ^^^^^^^^^^^^^^^^
> 6 | } from "../../lib/quizzes";
    | ^^^^^^^^^^^^^^^^^^^^^^^^^^^
  7 |
  8 | export async function POST(req) {
  9 |   try {

The export fallbackQuizzes was not found in module [project]/app/lib/quizzes.js [app-route] (ecmascript).
Did you mean to import normalizeQuiz?
All exports of the module are statically known (It doesn't have dynamic exports). So it's known statically that the requested export doesn't exist. 
[browser] Uncaught Error: ./app/api/submit-quiz/route.js:2:1
Export fallbackQuizzes doesn't exist in target module
  1 | import clientPromise from "../../lib/mongodb";
> 2 | import {
    | ^^^^^^^
> 3 |   fallbackQuizzes,
    | ^^^^^^^^^^^^^^^^^^
> 4 |   normalizeModuleId,
    | ^^^^^^^^^^^^^^^^^^^^
> 5 |   normalizeQuiz,
    | ^^^^^^^^^^^^^^^^
> 6 | } from "../../lib/quizzes";
    | ^^^^^^^^^^^^^^^^^^^^^^^^^^^
  7 |
  8 | export async function POST(req) {
  9 |   try {

The export fallbackQuizzes was not found in module [project]/app/lib/quizzes.js [app-route] (ecmascript).
Did you mean to import normalizeQuiz?
All exports of the module are statically known (It doesn't have dynamic exports). So it's known statically that the requested export doesn't exist.


    at <unknown> (Error: ./app/api/submit-quiz/route.js:2:1)
    at <unknown> (Error: (./app/api/submit-quiz/route.js:2:1)
[browser] ./app/api/submit-quiz/route.js:2:1
Export fallbackQuizzes doesn't exist in target module
  1 | import clientPromise from "../../lib/mongodb";
> 2 | import {
    | ^^^^^^^
> 3 |   fallbackQuizzes,
    | ^^^^^^^^^^^^^^^^^^
> 4 |   normalizeModuleId,
    | ^^^^^^^^^^^^^^^^^^^^
> 5 |   normalizeQuiz,
    | ^^^^^^^^^^^^^^^^
> 6 | } from "../../lib/quizzes";
    | ^^^^^^^^^^^^^^^^^^^^^^^^^^^
  7 |
  8 | export async function POST(req) {
  9 |   try {

The export fallbackQuizzes was not found in module [project]/app/lib/quizzes.js [app-route] (ecmascript).
Did you mean to import normalizeQuiz?
All exports of the module are statically known (It doesn't have dynamic exports). So it's known statically that the requested export doesn't exist. 
[browser] Uncaught Error: ./app/api/submit-quiz/route.js:2:1
Export fallbackQuizzes doesn't exist in target module
  1 | import clientPromise from "../../lib/mongodb";
> 2 | import {
    | ^^^^^^^
> 3 |   fallbackQuizzes,
    | ^^^^^^^^^^^^^^^^^^
> 4 |   normalizeModuleId,
    | ^^^^^^^^^^^^^^^^^^^^
> 5 |   normalizeQuiz,
    | ^^^^^^^^^^^^^^^^
> 6 | } from "../../lib/quizzes";
    | ^^^^^^^^^^^^^^^^^^^^^^^^^^^
  7 |
  8 | export async function POST(req) {
  9 |   try {

The export fallbackQuizzes was not found in module [project]/app/lib/quizzes.js [app-route] (ecmascript).
Did you mean to import normalizeQuiz?
All exports of the module are statically known (It doesn't have dynamic exports). So it's known statically that the requested export doesn't exist.


    at <unknown> (Error: ./app/api/submit-quiz/route.js:2:1)
    at <unknown> (Error: (./app/api/submit-quiz/route.js:2:1)
[browser] ./app/api/submit-quiz/route.js:2:1
Export fallbackQuizzes doesn't exist in target module
  1 | import clientPromise from "../../lib/mongodb";
> 2 | import {
    | ^^^^^^^
> 3 |   fallbackQuizzes,
    | ^^^^^^^^^^^^^^^^^^
> 4 |   normalizeModuleId,
    | ^^^^^^^^^^^^^^^^^^^^
> 5 |   normalizeQuiz,
    | ^^^^^^^^^^^^^^^^
> 6 | } from "../../lib/quizzes";
    | ^^^^^^^^^^^^^^^^^^^^^^^^^^^
  7 |
  8 | export async function POST(req) {
  9 |   try {

The export fallbackQuizzes was not found in module [project]/app/lib/quizzes.js [app-route] (ecmascript).
Did you mean to import normalizeQuiz?
All exports of the module are statically known (It doesn't have dynamic exports). So it's known statically that the requested export doesn't exist. 
[browser] Uncaught Error: ./app/api/submit-quiz/route.js:2:1
Export fallbackQuizzes doesn't exist in target module
  1 | import clientPromise from "../../lib/mongodb";
> 2 | import {
    | ^^^^^^^
> 3 |   fallbackQuizzes,
    | ^^^^^^^^^^^^^^^^^^
> 4 |   normalizeModuleId,
    | ^^^^^^^^^^^^^^^^^^^^
> 5 |   normalizeQuiz,
    | ^^^^^^^^^^^^^^^^
> 6 | } from "../../lib/quizzes";
    | ^^^^^^^^^^^^^^^^^^^^^^^^^^^
  7 |
  8 | export async function POST(req) {
  9 |   try {

The export fallbackQuizzes was not found in module [project]/app/lib/quizzes.js [app-route] (ecmascript).
Did you mean to import normalizeQuiz?
All exports of the module are statically known (It doesn't have dynamic exports). So it's known statically that the requested export doesn't exist.


    at <unknown> (Error: ./app/api/submit-quiz/route.js:2:1)
    at <unknown> (Error: (./app/api/submit-quiz/route.js:2:1)
[browser] ./app/api/submit-quiz/route.js:2:1
Export fallbackQuizzes doesn't exist in target module
  1 | import clientPromise from "../../lib/mongodb";
> 2 | import {
    | ^^^^^^^
> 3 |   fallbackQuizzes,
    | ^^^^^^^^^^^^^^^^^^
> 4 |   normalizeModuleId,
    | ^^^^^^^^^^^^^^^^^^^^
> 5 |   normalizeQuiz,
    | ^^^^^^^^^^^^^^^^
> 6 | } from "../../lib/quizzes";
    | ^^^^^^^^^^^^^^^^^^^^^^^^^^^
  7 |
  8 | export async function POST(req) {
  9 |   try {

The export fallbackQuizzes was not found in module [project]/app/lib/quizzes.js [app-route] (ecmascript).
Did you mean to import normalizeQuiz?
All exports of the module are statically known (It doesn't have dynamic exports). So it's known statically that the requested export doesn't exist. 
[browser] Uncaught Error: ./app/api/submit-quiz/route.js:2:1
Export fallbackQuizzes doesn't exist in target module
  1 | import clientPromise from "../../lib/mongodb";
> 2 | import {
    | ^^^^^^^
> 3 |   fallbackQuizzes,
    | ^^^^^^^^^^^^^^^^^^
> 4 |   normalizeModuleId,
    | ^^^^^^^^^^^^^^^^^^^^
> 5 |   normalizeQuiz,
    | ^^^^^^^^^^^^^^^^
> 6 | } from "../../lib/quizzes";
    | ^^^^^^^^^^^^^^^^^^^^^^^^^^^
  7 |
  8 | export async function POST(req) {
  9 |   try {

The export fallbackQuizzes was not found in module [project]/app/lib/quizzes.js [app-route] (ecmascript).
Did you mean to import normalizeQuiz?
All exports of the module are statically known (It doesn't have dynamic exports). So it's known statically that the requested export doesn't exist.


    at <unknown> (Error: ./app/api/submit-quiz/route.js:2:1)
    at <unknown> (Error: (./app/api/submit-quiz/route.js:2:1)
[browser] ./app/api/submit-quiz/route.js:2:1
Export fallbackQuizzes doesn't exist in target module
  1 | import clientPromise from "../../lib/mongodb";
> 2 | import {
    | ^^^^^^^
> 3 |   fallbackQuizzes,
    | ^^^^^^^^^^^^^^^^^^
> 4 |   normalizeModuleId,
    | ^^^^^^^^^^^^^^^^^^^^
> 5 |   normalizeQuiz,
    | ^^^^^^^^^^^^^^^^
> 6 | } from "../../lib/quizzes";
    | ^^^^^^^^^^^^^^^^^^^^^^^^^^^
  7 |
  8 | export async function POST(req) {
  9 |   try {

The export fallbackQuizzes was not found in module [project]/app/lib/quizzes.js [app-route] (ecmascript).
Did you mean to import normalizeQuiz?
All exports of the module are statically known (It doesn't have dynamic exports). So it's known statically that the requested export doesn't exist. 
[browser] Uncaught Error: ./app/api/submit-quiz/route.js:2:1
Export fallbackQuizzes doesn't exist in target module
  1 | import clientPromise from "../../lib/mongodb";
> 2 | import {
    | ^^^^^^^
> 3 |   fallbackQuizzes,
    | ^^^^^^^^^^^^^^^^^^
> 4 |   normalizeModuleId,
    | ^^^^^^^^^^^^^^^^^^^^
> 5 |   normalizeQuiz,
    | ^^^^^^^^^^^^^^^^
> 6 | } from "../../lib/quizzes";
    | ^^^^^^^^^^^^^^^^^^^^^^^^^^^
  7 |
  8 | export async function POST(req) {
  9 |   try {

The export fallbackQuizzes was not found in module [project]/app/lib/quizzes.js [app-route] (ecmascript).
Did you mean to import normalizeQuiz?
All exports of the module are statically known (It doesn't have dynamic exports). So it's known statically that the requested export doesn't exist.


    at <unknown> (Error: ./app/api/submit-quiz/route.js:2:1)
    at <unknown> (Error: (./app/api/submit-quiz/route.js:2:1)
[browser] ./app/api/submit-quiz/route.js:2:1
Export fallbackQuizzes doesn't exist in target module
  1 | import clientPromise from "../../lib/mongodb";
> 2 | import {
    | ^^^^^^^
> 3 |   fallbackQuizzes,
    | ^^^^^^^^^^^^^^^^^^
> 4 |   normalizeModuleId,
    | ^^^^^^^^^^^^^^^^^^^^
> 5 |   normalizeQuiz,
    | ^^^^^^^^^^^^^^^^
> 6 | } from "../../lib/quizzes";
    | ^^^^^^^^^^^^^^^^^^^^^^^^^^^
  7 |
  8 | export async function POST(req) {
  9 |   try {

The export fallbackQuizzes was not found in module [project]/app/lib/quizzes.js [app-route] (ecmascript).
Did you mean to import normalizeQuiz?
All exports of the module are statically known (It doesn't have dynamic exports). So it's known statically that the requested export doesn't exist. 
[browser] Uncaught Error: ./app/api/submit-quiz/route.js:2:1
Export fallbackQuizzes doesn't exist in target module
  1 | import clientPromise from "../../lib/mongodb";
> 2 | import {
    | ^^^^^^^
> 3 |   fallbackQuizzes,
    | ^^^^^^^^^^^^^^^^^^
> 4 |   normalizeModuleId,
    | ^^^^^^^^^^^^^^^^^^^^
> 5 |   normalizeQuiz,
    | ^^^^^^^^^^^^^^^^
> 6 | } from "../../lib/quizzes";
    | ^^^^^^^^^^^^^^^^^^^^^^^^^^^
  7 |
  8 | export async function POST(req) {
  9 |   try {

The export fallbackQuizzes was not found in module [project]/app/lib/quizzes.js [app-route] (ecmascript).
Did you mean to import normalizeQuiz?
All exports of the module are statically known (It doesn't have dynamic exports). So it's known statically that the requested export doesn't exist.


    at <unknown> (Error: ./app/api/submit-quiz/route.js:2:1)
    at <unknown> (Error: (./app/api/submit-quiz/route.js:2:1)
[browser] ./app/api/submit-quiz/route.js:2:1
Export fallbackQuizzes doesn't exist in target module
  1 | import clientPromise from "../../lib/mongodb";
> 2 | import {
    | ^^^^^^^
> 3 |   fallbackQuizzes,
    | ^^^^^^^^^^^^^^^^^^
> 4 |   normalizeModuleId,
    | ^^^^^^^^^^^^^^^^^^^^
> 5 |   normalizeQuiz,
    | ^^^^^^^^^^^^^^^^
> 6 | } from "../../lib/quizzes";
    | ^^^^^^^^^^^^^^^^^^^^^^^^^^^
  7 |
  8 | export async function POST(req) {
  9 |   try {

The export fallbackQuizzes was not found in module [project]/app/lib/quizzes.js [app-route] (ecmascript).
Did you mean to import normalizeQuiz?
All exports of the module are statically known (It doesn't have dynamic exports). So it's known statically that the requested export doesn't exist. 
[browser] Uncaught Error: ./app/api/submit-quiz/route.js:2:1
Export fallbackQuizzes doesn't exist in target module
  1 | import clientPromise from "../../lib/mongodb";
> 2 | import {
    | ^^^^^^^
> 3 |   fallbackQuizzes,
    | ^^^^^^^^^^^^^^^^^^
> 4 |   normalizeModuleId,
    | ^^^^^^^^^^^^^^^^^^^^
> 5 |   normalizeQuiz,
    | ^^^^^^^^^^^^^^^^
> 6 | } from "../../lib/quizzes";
    | ^^^^^^^^^^^^^^^^^^^^^^^^^^^
  7 |
  8 | export async function POST(req) {
  9 |   try {

The export fallbackQuizzes was not found in module [project]/app/lib/quizzes.js [app-route] (ecmascript).
Did you mean to import normalizeQuiz?
All exports of the module are statically known (It doesn't have dynamic exports). So it's known statically that the requested export doesn't exist.


    at <unknown> (Error: ./app/api/submit-quiz/route.js:2:1)
    at <unknown> (Error: (./app/api/submit-quiz/route.js:2:1)
[browser] ./app/api/submit-quiz/route.js:2:1
Export fallbackQuizzes doesn't exist in target module
  1 | import clientPromise from "../../lib/mongodb";
> 2 | import {
    | ^^^^^^^
> 3 |   fallbackQuizzes,
    | ^^^^^^^^^^^^^^^^^^
> 4 |   normalizeModuleId,
    | ^^^^^^^^^^^^^^^^^^^^
> 5 |   normalizeQuiz,
    | ^^^^^^^^^^^^^^^^
> 6 | } from "../../lib/quizzes";
    | ^^^^^^^^^^^^^^^^^^^^^^^^^^^
  7 |
  8 | export async function POST(req) {
  9 |   try {

The export fallbackQuizzes was not found in module [project]/app/lib/quizzes.js [app-route] (ecmascript).
Did you mean to import normalizeQuiz?
All exports of the module are statically known (It doesn't have dynamic exports). So it's known statically that the requested export doesn't exist. 
[browser] Uncaught Error: ./app/api/submit-quiz/route.js:2:1
Export fallbackQuizzes doesn't exist in target module
  1 | import clientPromise from "../../lib/mongodb";
> 2 | import {
    | ^^^^^^^
> 3 |   fallbackQuizzes,
    | ^^^^^^^^^^^^^^^^^^
> 4 |   normalizeModuleId,
    | ^^^^^^^^^^^^^^^^^^^^
> 5 |   normalizeQuiz,
    | ^^^^^^^^^^^^^^^^
> 6 | } from "../../lib/quizzes";
    | ^^^^^^^^^^^^^^^^^^^^^^^^^^^
  7 |
  8 | export async function POST(req) {
  9 |   try {

The export fallbackQuizzes was not found in module [project]/app/lib/quizzes.js [app-route] (ecmascript).
Did you mean to import normalizeQuiz?
All exports of the module are statically known (It doesn't have dynamic exports). So it's known statically that the requested export doesn't exist.


    at <unknown> (Error: ./app/api/submit-quiz/route.js:2:1)
    at <unknown> (Error: (./app/api/submit-quiz/route.js:2:1)
[browser] ./app/api/submit-quiz/route.js:2:1
Export fallbackQuizzes doesn't exist in target module
  1 | import clientPromise from "../../lib/mongodb";
> 2 | import {
    | ^^^^^^^
> 3 |   fallbackQuizzes,
    | ^^^^^^^^^^^^^^^^^^
> 4 |   normalizeModuleId,
    | ^^^^^^^^^^^^^^^^^^^^
> 5 |   normalizeQuiz,
    | ^^^^^^^^^^^^^^^^
> 6 | } from "../../lib/quizzes";
    | ^^^^^^^^^^^^^^^^^^^^^^^^^^^
  7 |
  8 | export async function POST(req) {
  9 |   try {

The export fallbackQuizzes was not found in module [project]/app/lib/quizzes.js [app-route] (ecmascript).
Did you mean to import normalizeQuiz?
All exports of the module are statically known (It doesn't have dynamic exports). So it's known statically that the requested export doesn't exist. 
[browser] Uncaught Error: ./app/api/submit-quiz/route.js:2:1
Export fallbackQuizzes doesn't exist in target module
  1 | import clientPromise from "../../lib/mongodb";
> 2 | import {
    | ^^^^^^^
> 3 |   fallbackQuizzes,
    | ^^^^^^^^^^^^^^^^^^
> 4 |   normalizeModuleId,
    | ^^^^^^^^^^^^^^^^^^^^
> 5 |   normalizeQuiz,
    | ^^^^^^^^^^^^^^^^
> 6 | } from "../../lib/quizzes";
    | ^^^^^^^^^^^^^^^^^^^^^^^^^^^
  7 |
  8 | export async function POST(req) {
  9 |   try {

The export fallbackQuizzes was not found in module [project]/app/lib/quizzes.js [app-route] (ecmascript).
Did you mean to import normalizeQuiz?
All exports of the module are statically known (It doesn't have dynamic exports). So it's known statically that the requested export doesn't exist.


    at <unknown> (Error: ./app/api/submit-quiz/route.js:2:1)
    at <unknown> (Error: (./app/api/submit-quiz/route.js:2:1)
[browser] ./app/api/submit-quiz/route.js:2:1
Export fallbackQuizzes doesn't exist in target module
  1 | import clientPromise from "../../lib/mongodb";
> 2 | import {
    | ^^^^^^^
> 3 |   fallbackQuizzes,
    | ^^^^^^^^^^^^^^^^^^
> 4 |   normalizeModuleId,
    | ^^^^^^^^^^^^^^^^^^^^
> 5 |   normalizeQuiz,
    | ^^^^^^^^^^^^^^^^
> 6 | } from "../../lib/quizzes";
    | ^^^^^^^^^^^^^^^^^^^^^^^^^^^
  7 |
  8 | export async function POST(req) {
  9 |   try {

The export fallbackQuizzes was not found in module [project]/app/lib/quizzes.js [app-route] (ecmascript).
Did you mean to import normalizeQuiz?
All exports of the module are statically known (It doesn't have dynamic exports). So it's known statically that the requested export doesn't exist. 
[browser] Uncaught Error: ./app/api/submit-quiz/route.js:2:1
Export fallbackQuizzes doesn't exist in target module
  1 | import clientPromise from "../../lib/mongodb";
> 2 | import {
    | ^^^^^^^
> 3 |   fallbackQuizzes,
    | ^^^^^^^^^^^^^^^^^^
> 4 |   normalizeModuleId,
    | ^^^^^^^^^^^^^^^^^^^^
> 5 |   normalizeQuiz,
    | ^^^^^^^^^^^^^^^^
> 6 | } from "../../lib/quizzes";
    | ^^^^^^^^^^^^^^^^^^^^^^^^^^^
  7 |
  8 | export async function POST(req) {
  9 |   try {

The export fallbackQuizzes was not found in module [project]/app/lib/quizzes.js [app-route] (ecmascript).
Did you mean to import normalizeQuiz?
All exports of the module are statically known (It doesn't have dynamic exports). So it's known statically that the requested export doesn't exist.


    at <unknown> (Error: ./app/api/submit-quiz/route.js:2:1)
    at <unknown> (Error: (./app/api/submit-quiz/route.js:2:1)
[browser] ./app/api/submit-quiz/route.js:2:1
Export fallbackQuizzes doesn't exist in target module
  1 | import clientPromise from "../../lib/mongodb";
> 2 | import {
    | ^^^^^^^
> 3 |   fallbackQuizzes,
    | ^^^^^^^^^^^^^^^^^^
> 4 |   normalizeModuleId,
    | ^^^^^^^^^^^^^^^^^^^^
> 5 |   normalizeQuiz,
    | ^^^^^^^^^^^^^^^^
> 6 | } from "../../lib/quizzes";
    | ^^^^^^^^^^^^^^^^^^^^^^^^^^^
  7 |
  8 | export async function POST(req) {
  9 |   try {

The export fallbackQuizzes was not found in module [project]/app/lib/quizzes.js [app-route] (ecmascript).
Did you mean to import normalizeQuiz?
All exports of the module are statically known (It doesn't have dynamic exports). So it's known statically that the requested export doesn't exist. 
[browser] Uncaught Error: ./app/api/submit-quiz/route.js:2:1
Export fallbackQuizzes doesn't exist in target module
  1 | import clientPromise from "../../lib/mongodb";
> 2 | import {
    | ^^^^^^^
> 3 |   fallbackQuizzes,
    | ^^^^^^^^^^^^^^^^^^
> 4 |   normalizeModuleId,
    | ^^^^^^^^^^^^^^^^^^^^
> 5 |   normalizeQuiz,
    | ^^^^^^^^^^^^^^^^
> 6 | } from "../../lib/quizzes";
    | ^^^^^^^^^^^^^^^^^^^^^^^^^^^
  7 |
  8 | export async function POST(req) {
  9 |   try {

The export fallbackQuizzes was not found in module [project]/app/lib/quizzes.js [app-route] (ecmascript).
Did you mean to import normalizeQuiz?
All exports of the module are statically known (It doesn't have dynamic exports). So it's known statically that the requested export doesn't exist.


    at <unknown> (Error: ./app/api/submit-quiz/route.js:2:1)
    at <unknown> (Error: (./app/api/submit-quiz/route.js:2:1)
[browser] ./app/api/submit-quiz/route.js:2:1
Export fallbackQuizzes doesn't exist in target module
  1 | import clientPromise from "../../lib/mongodb";
> 2 | import {
    | ^^^^^^^
> 3 |   fallbackQuizzes,
    | ^^^^^^^^^^^^^^^^^^
> 4 |   normalizeModuleId,
    | ^^^^^^^^^^^^^^^^^^^^
> 5 |   normalizeQuiz,
    | ^^^^^^^^^^^^^^^^
> 6 | } from "../../lib/quizzes";
    | ^^^^^^^^^^^^^^^^^^^^^^^^^^^
  7 |
  8 | export async function POST(req) {
  9 |   try {

The export fallbackQuizzes was not found in module [project]/app/lib/quizzes.js [app-route] (ecmascript).
Did you mean to import normalizeQuiz?
All exports of the module are statically known (It doesn't have dynamic exports). So it's known statically that the requested export doesn't exist. 
[browser] Uncaught Error: ./app/api/submit-quiz/route.js:2:1
Export fallbackQuizzes doesn't exist in target module
  1 | import clientPromise from "../../lib/mongodb";
> 2 | import {
    | ^^^^^^^
> 3 |   fallbackQuizzes,
    | ^^^^^^^^^^^^^^^^^^
> 4 |   normalizeModuleId,
    | ^^^^^^^^^^^^^^^^^^^^
> 5 |   normalizeQuiz,
    | ^^^^^^^^^^^^^^^^
> 6 | } from "../../lib/quizzes";
    | ^^^^^^^^^^^^^^^^^^^^^^^^^^^
  7 |
  8 | export async function POST(req) {
  9 |   try {

The export fallbackQuizzes was not found in module [project]/app/lib/quizzes.js [app-route] (ecmascript).
Did you mean to import normalizeQuiz?
All exports of the module are statically known (It doesn't have dynamic exports). So it's known statically that the requested export doesn't exist.


    at <unknown> (Error: ./app/api/submit-quiz/route.js:2:1)
    at <unknown> (Error: (./app/api/submit-quiz/route.js:2:1)
[browser] ./app/api/submit-quiz/route.js:2:1
Export fallbackQuizzes doesn't exist in target module
  1 | import clientPromise from "../../lib/mongodb";
> 2 | import {
    | ^^^^^^^
> 3 |   fallbackQuizzes,
    | ^^^^^^^^^^^^^^^^^^
> 4 |   normalizeModuleId,
    | ^^^^^^^^^^^^^^^^^^^^
> 5 |   normalizeQuiz,
    | ^^^^^^^^^^^^^^^^
> 6 | } from "../../lib/quizzes";
    | ^^^^^^^^^^^^^^^^^^^^^^^^^^^
  7 |
  8 | export async function POST(req) {
  9 |   try {

The export fallbackQuizzes was not found in module [project]/app/lib/quizzes.js [app-route] (ecmascript).
Did you mean to import normalizeQuiz?
All exports of the module are statically known (It doesn't have dynamic exports). So it's known statically that the requested export doesn't exist. 
[browser] Uncaught Error: ./app/api/submit-quiz/route.js:2:1
Export fallbackQuizzes doesn't exist in target module
  1 | import clientPromise from "../../lib/mongodb";
> 2 | import {
    | ^^^^^^^
> 3 |   fallbackQuizzes,
    | ^^^^^^^^^^^^^^^^^^
> 4 |   normalizeModuleId,
    | ^^^^^^^^^^^^^^^^^^^^
> 5 |   normalizeQuiz,
    | ^^^^^^^^^^^^^^^^
> 6 | } from "../../lib/quizzes";
    | ^^^^^^^^^^^^^^^^^^^^^^^^^^^
  7 |
  8 | export async function POST(req) {
  9 |   try {

The export fallbackQuizzes was not found in module [project]/app/lib/quizzes.js [app-route] (ecmascript).
Did you mean to import normalizeQuiz?
All exports of the module are statically known (It doesn't have dynamic exports). So it's known statically that the requested export doesn't exist.


    at <unknown> (Error: ./app/api/submit-quiz/route.js:2:1)
    at <unknown> (Error: (./app/api/submit-quiz/route.js:2:1)
[browser] ./app/api/submit-quiz/route.js:2:1
Export fallbackQuizzes doesn't exist in target module
  1 | import clientPromise from "../../lib/mongodb";
> 2 | import {
    | ^^^^^^^
> 3 |   fallbackQuizzes,
    | ^^^^^^^^^^^^^^^^^^
> 4 |   normalizeModuleId,
    | ^^^^^^^^^^^^^^^^^^^^
> 5 |   normalizeQuiz,
    | ^^^^^^^^^^^^^^^^
> 6 | } from "../../lib/quizzes";
    | ^^^^^^^^^^^^^^^^^^^^^^^^^^^
  7 |
  8 | export async function POST(req) {
  9 |   try {

The export fallbackQuizzes was not found in module [project]/app/lib/quizzes.js [app-route] (ecmascript).
Did you mean to import normalizeQuiz?
All exports of the module are statically known (It doesn't have dynamic exports). So it's known statically that the requested export doesn't exist. 
[browser] Uncaught Error: ./app/api/submit-quiz/route.js:2:1
Export fallbackQuizzes doesn't exist in target module
  1 | import clientPromise from "../../lib/mongodb";
> 2 | import {
    | ^^^^^^^
> 3 |   fallbackQuizzes,
    | ^^^^^^^^^^^^^^^^^^
> 4 |   normalizeModuleId,
    | ^^^^^^^^^^^^^^^^^^^^
> 5 |   normalizeQuiz,
    | ^^^^^^^^^^^^^^^^
> 6 | } from "../../lib/quizzes";
    | ^^^^^^^^^^^^^^^^^^^^^^^^^^^
  7 |
  8 | export async function POST(req) {
  9 |   try {

The export fallbackQuizzes was not found in module [project]/app/lib/quizzes.js [app-route] (ecmascript).
Did you mean to import normalizeQuiz?
All exports of the module are statically known (It doesn't have dynamic exports). So it's known statically that the requested export doesn't exist.


    at <unknown> (Error: ./app/api/submit-quiz/route.js:2:1)
    at <unknown> (Error: (./app/api/submit-quiz/route.js:2:1)
[browser] ./app/api/submit-quiz/route.js:2:1
Export fallbackQuizzes doesn't exist in target module
  1 | import clientPromise from "../../lib/mongodb";
> 2 | import {
    | ^^^^^^^
> 3 |   fallbackQuizzes,
    | ^^^^^^^^^^^^^^^^^^
> 4 |   normalizeModuleId,
    | ^^^^^^^^^^^^^^^^^^^^
> 5 |   normalizeQuiz,
    | ^^^^^^^^^^^^^^^^
> 6 | } from "../../lib/quizzes";
    | ^^^^^^^^^^^^^^^^^^^^^^^^^^^
  7 |
  8 | export async function POST(req) {
  9 |   try {

The export fallbackQuizzes was not found in module [project]/app/lib/quizzes.js [app-route] (ecmascript).
Did you mean to import normalizeQuiz?
All exports of the module are statically known (It doesn't have dynamic exports). So it's known statically that the requested export doesn't exist. 
